{"numTotalTestSuites":35,"numPassedTestSuites":27,"numFailedTestSuites":8,"numPendingTestSuites":0,"numTotalTests":131,"numPassedTests":121,"numFailedTests":10,"numPendingTests":0,"numTodoTests":0,"snapshot":{"added":0,"failure":false,"filesAdded":0,"filesRemoved":0,"filesRemovedList":[],"filesUnmatched":0,"filesUpdated":0,"matched":0,"total":0,"unchecked":0,"uncheckedKeysByFile":[],"unmatched":0,"updated":0,"didUpdate":false},"startTime":1771107633487,"success":false,"testResults":[{"assertionResults":[{"ancestorTitles":["App"],"fullName":"App renders without crashing","status":"passed","title":"renders without crashing","duration":28.558082999999897,"failureMessages":[],"meta":{}},{"ancestorTitles":["App"],"fullName":"App renders dashboard at root path","status":"passed","title":"renders dashboard at root path","duration":9.05554200000006,"failureMessages":[],"meta":{}}],"startTime":1771107640851,"endTime":1771107640889.0557,"status":"passed","message":"","name":"/Users/leonardo.piedade/Personal/Github/study-tracker/client/src/App.test.tsx"},{"assertionResults":[{"ancestorTitles":["Layout"],"fullName":"Layout renders the app title","status":"passed","title":"renders the app title","duration":27.899083000000246,"failureMessages":[],"meta":{}},{"ancestorTitles":["Layout"],"fullName":"Layout renders all navigation items","status":"passed","title":"renders all navigation items","duration":9.941667000000052,"failureMessages":[],"meta":{}},{"ancestorTitles":["Layout"],"fullName":"Layout applies active class to current route","status":"passed","title":"applies active class to current route","duration":5.085541999999805,"failureMessages":[],"meta":{}},{"ancestorTitles":["Layout"],"fullName":"Layout does not apply active class to non-current route","status":"passed","title":"does not apply active class to non-current route","duration":4.129457999999886,"failureMessages":[],"meta":{}}],"startTime":1771107640432,"endTime":1771107640479.1294,"status":"passed","message":"","name":"/Users/leonardo.piedade/Personal/Github/study-tracker/client/src/components/Layout.test.tsx"},{"assertionResults":[{"ancestorTitles":["NextClasses"],"fullName":"NextClasses shows loading state initially","status":"passed","title":"shows loading state initially","duration":18.255667000000358,"failureMessages":[],"meta":{}},{"ancestorTitles":["NextClasses"],"fullName":"NextClasses shows empty state when no upcoming lessons","status":"passed","title":"shows empty state when no upcoming lessons","duration":8.619333000000097,"failureMessages":[],"meta":{}},{"ancestorTitles":["NextClasses"],"fullName":"NextClasses renders upcoming lessons","status":"passed","title":"renders upcoming lessons","duration":7.590041999999812,"failureMessages":[],"meta":{}},{"ancestorTitles":["NextClasses"],"fullName":"NextClasses shows Unknown for missing Subject","status":"passed","title":"shows Unknown for missing Subject","duration":5.104708000000301,"failureMessages":[],"meta":{}},{"ancestorTitles":["NextClasses"],"fullName":"NextClasses handles API error gracefully","status":"passed","title":"handles API error gracefully","duration":6.4831250000002,"failureMessages":[],"meta":{}}],"startTime":1771107641183,"endTime":1771107641229.4832,"status":"passed","message":"","name":"/Users/leonardo.piedade/Personal/Github/study-tracker/client/src/components/NextClasses.test.tsx"},{"assertionResults":[{"ancestorTitles":["api"],"fullName":"api is an axios instance with correct baseURL","status":"passed","title":"is an axios instance with correct baseURL","duration":0.7545420000001286,"failureMessages":[],"meta":{}},{"ancestorTitles":["api"],"fullName":"api has get, post, put, delete methods","status":"passed","title":"has get, post, put, delete methods","duration":0.12945799999988594,"failureMessages":[],"meta":{}}],"startTime":1771107641232,"endTime":1771107641233.1294,"status":"passed","message":"","name":"/Users/leonardo.piedade/Personal/Github/study-tracker/client/src/lib/api.test.ts"},{"assertionResults":[{"ancestorTitles":["parseLocalDate"],"fullName":"parseLocalDate parses YYYY-MM-DD string to local midnight","status":"passed","title":"parses YYYY-MM-DD string to local midnight","duration":1.0792920000003505,"failureMessages":[],"meta":{}},{"ancestorTitles":["parseLocalDate"],"fullName":"parseLocalDate parses ISO string ignoring time component","status":"passed","title":"parses ISO string ignoring time component","duration":0.11916700000028868,"failureMessages":[],"meta":{}},{"ancestorTitles":["parseLocalDate"],"fullName":"parseLocalDate returns current date for empty string","status":"passed","title":"returns current date for empty string","duration":0.2143340000002354,"failureMessages":[],"meta":{}},{"ancestorTitles":["parseLocalDate"],"fullName":"parseLocalDate handles different months correctly","status":"passed","title":"handles different months correctly","duration":0.09120900000016263,"failureMessages":[],"meta":{}},{"ancestorTitles":["isSameLocalDate"],"fullName":"isSameLocalDate returns true for same date","status":"passed","title":"returns true for same date","duration":0.5247920000001614,"failureMessages":[],"meta":{}},{"ancestorTitles":["isSameLocalDate"],"fullName":"isSameLocalDate returns false for different date","status":"passed","title":"returns false for different date","duration":0.11000000000012733,"failureMessages":[],"meta":{}},{"ancestorTitles":["isSameLocalDate"],"fullName":"isSameLocalDate returns true for same day with ISO string","status":"passed","title":"returns true for same day with ISO string","duration":0.06420900000011898,"failureMessages":[],"meta":{}},{"ancestorTitles":["isSameLocalDate"],"fullName":"isSameLocalDate returns false for different month","status":"passed","title":"returns false for different month","duration":0.11537500000031287,"failureMessages":[],"meta":{}},{"ancestorTitles":["isSameLocalDate"],"fullName":"isSameLocalDate returns false for different year","status":"passed","title":"returns false for different year","duration":0.09400000000005093,"failureMessages":[],"meta":{}}],"startTime":1771107640749,"endTime":1771107640752.1155,"status":"passed","message":"","name":"/Users/leonardo.piedade/Personal/Github/study-tracker/client/src/lib/dateUtils.test.ts"},{"assertionResults":[{"ancestorTitles":["Analytics"],"fullName":"Analytics shows loading","status":"passed","title":"shows loading","duration":19.801750000000084,"failureMessages":[],"meta":{}},{"ancestorTitles":["Analytics"],"fullName":"Analytics renders analytics page with charts","status":"passed","title":"renders analytics page with charts","duration":12.716041999999561,"failureMessages":[],"meta":{}},{"ancestorTitles":["Analytics"],"fullName":"Analytics handles empty data","status":"passed","title":"handles empty data","duration":4.844958000000133,"failureMessages":[],"meta":{}},{"ancestorTitles":["Analytics"],"fullName":"Analytics handles API error","status":"passed","title":"handles API error","duration":6.89220800000021,"failureMessages":[],"meta":{}},{"ancestorTitles":["Analytics"],"fullName":"Analytics processes session data for subject hours","status":"passed","title":"processes session data for subject hours","duration":4.281167000000096,"failureMessages":[],"meta":{}}],"startTime":1771107641514,"endTime":1771107641563.2812,"status":"passed","message":"","name":"/Users/leonardo.piedade/Personal/Github/study-tracker/client/src/pages/Analytics.test.tsx"},{"assertionResults":[{"ancestorTitles":["Calendar"],"fullName":"Calendar renders calendar with week view by default","status":"passed","title":"renders calendar with week view by default","duration":21.621749999999793,"failureMessages":[],"meta":{}},{"ancestorTitles":["Calendar"],"fullName":"Calendar switches to month view","status":"passed","title":"switches to month view","duration":8.6574999999998,"failureMessages":[],"meta":{}},{"ancestorTitles":["Calendar"],"fullName":"Calendar handles navigation","status":"passed","title":"handles navigation","duration":5.741790999999921,"failureMessages":[],"meta":{}},{"ancestorTitles":["Calendar"],"fullName":"Calendar handles API error","status":"passed","title":"handles API error","duration":4.606166999999914,"failureMessages":[],"meta":{}}],"startTime":1771107641571,"endTime":1771107641611.6062,"status":"passed","message":"","name":"/Users/leonardo.piedade/Personal/Github/study-tracker/client/src/pages/Calendar.test.tsx"},{"assertionResults":[{"ancestorTitles":["Courses"],"fullName":"Courses shows loading state","status":"passed","title":"shows loading state","duration":18.99429199999986,"failureMessages":[],"meta":{}},{"ancestorTitles":["Courses"],"fullName":"Courses shows empty state","status":"passed","title":"shows empty state","duration":15.094042000000172,"failureMessages":[],"meta":{}},{"ancestorTitles":["Courses"],"fullName":"Courses renders courses list","status":"passed","title":"renders courses list","duration":18.657208999999966,"failureMessages":[],"meta":{}},{"ancestorTitles":["Courses"],"fullName":"Courses renders course with more than 3 subjects showing +N more","status":"passed","title":"renders course with more than 3 subjects showing +N more","duration":10.76741600000014,"failureMessages":[],"meta":{}},{"ancestorTitles":["Courses"],"fullName":"Courses renders course without description","status":"passed","title":"renders course without description","duration":6.351667000000361,"failureMessages":[],"meta":{}},{"ancestorTitles":["Courses"],"fullName":"Courses creates a course via form","status":"passed","title":"creates a course via form","duration":180.43550000000005,"failureMessages":[],"meta":{}},{"ancestorTitles":["Courses"],"fullName":"Courses shows alert on create error","status":"passed","title":"shows alert on create error","duration":87.4345830000002,"failureMessages":[],"meta":{}},{"ancestorTitles":["Courses"],"fullName":"Courses deletes a course when confirmed","status":"passed","title":"deletes a course when confirmed","duration":9.102792000000136,"failureMessages":[],"meta":{}},{"ancestorTitles":["Courses"],"fullName":"Courses shows alert on delete error","status":"passed","title":"shows alert on delete error","duration":57.90579200000002,"failureMessages":[],"meta":{}},{"ancestorTitles":["Courses"],"fullName":"Courses handles API error on fetch","status":"passed","title":"handles API error on fetch","duration":9.034875000000284,"failureMessages":[],"meta":{}}],"startTime":1771107636652,"endTime":1771107637066.035,"status":"passed","message":"","name":"/Users/leonardo.piedade/Personal/Github/study-tracker/client/src/pages/Courses.test.tsx"},{"assertionResults":[{"ancestorTitles":["Dashboard"],"fullName":"Dashboard shows loading state initially","status":"passed","title":"shows loading state initially","duration":62.184291999999914,"failureMessages":[],"meta":{}},{"ancestorTitles":["Dashboard"],"fullName":"Dashboard renders stats and sessions after loading","status":"passed","title":"renders stats and sessions after loading","duration":27.26666699999987,"failureMessages":[],"meta":{}},{"ancestorTitles":["Dashboard"],"fullName":"Dashboard shows \"On track\" when no overdue lessons","status":"passed","title":"shows \"On track\" when no overdue lessons","duration":6.779708999999457,"failureMessages":[],"meta":{}},{"ancestorTitles":["Dashboard"],"fullName":"Dashboard shows \"Catch up needed!\" when overdue > 0","status":"passed","title":"shows \"Catch up needed!\" when overdue > 0","duration":7.918500000000677,"failureMessages":[],"meta":{}},{"ancestorTitles":["Dashboard"],"fullName":"Dashboard shows empty sessions message","status":"passed","title":"shows empty sessions message","duration":8.982875000000604,"failureMessages":[],"meta":{}},{"ancestorTitles":["Dashboard"],"fullName":"Dashboard renders session with review badge","status":"passed","title":"renders session with review badge","duration":6.229666999999608,"failureMessages":[],"meta":{}},{"ancestorTitles":["Dashboard"],"fullName":"Dashboard renders session with lesson plan info","status":"passed","title":"renders session with lesson plan info","duration":6.501916000000165,"failureMessages":[],"meta":{}},{"ancestorTitles":["Dashboard"],"fullName":"Dashboard handles API error gracefully","status":"passed","title":"handles API error gracefully","duration":11.458875000000262,"failureMessages":[],"meta":{}}],"startTime":1771107637586,"endTime":1771107637723.459,"status":"passed","message":"","name":"/Users/leonardo.piedade/Personal/Github/study-tracker/client/src/pages/Dashboard.test.tsx"},{"assertionResults":[{"ancestorTitles":["Planner"],"fullName":"Planner shows loading","status":"passed","title":"shows loading","duration":20.143082999999933,"failureMessages":[],"meta":{}},{"ancestorTitles":["Planner"],"fullName":"Planner shows empty lessons state","status":"passed","title":"shows empty lessons state","duration":15.488542000000052,"failureMessages":[],"meta":{}},{"ancestorTitles":["Planner"],"fullName":"Planner renders lesson plans after loading","status":"passed","title":"renders lesson plans after loading","duration":29.948333000000275,"failureMessages":[],"meta":{}},{"ancestorTitles":["Planner"],"fullName":"Planner renders completed lesson with line-through","status":"passed","title":"renders completed lesson with line-through","duration":8.355875000000196,"failureMessages":[],"meta":{}},{"ancestorTitles":["Planner"],"fullName":"Planner renders lesson with checklist progress","status":"passed","title":"renders lesson with checklist progress","duration":10.27691700000014,"failureMessages":[],"meta":{}},{"ancestorTitles":["Planner"],"fullName":"Planner toggles checklist item","status":"passed","title":"toggles checklist item","duration":14.602458000000297,"failureMessages":[],"meta":{}},{"ancestorTitles":["Planner"],"fullName":"Planner toggles lesson completion","status":"passed","title":"toggles lesson completion","duration":11.62708399999974,"failureMessages":[],"meta":{}},{"ancestorTitles":["Planner"],"fullName":"Planner switches to sessions tab","status":"passed","title":"switches to sessions tab","duration":10.240624999999454,"failureMessages":[],"meta":{}},{"ancestorTitles":["Planner"],"fullName":"Planner shows empty sessions state","status":"passed","title":"shows empty sessions state","duration":7.247292000000016,"failureMessages":[],"meta":{}},{"ancestorTitles":["Planner"],"fullName":"Planner renders session with linked lesson","status":"passed","title":"renders session with linked lesson","duration":8.411958000000595,"failureMessages":[],"meta":{}},{"ancestorTitles":["Planner"],"fullName":"Planner renders session with review badge","status":"passed","title":"renders session with review badge","duration":8.170250000000124,"failureMessages":[],"meta":{}},{"ancestorTitles":["Planner"],"fullName":"Planner deletes a session","status":"passed","title":"deletes a session","duration":9.013249999999971,"failureMessages":[],"meta":{}},{"ancestorTitles":["Planner"],"fullName":"Planner creates a lesson via form","status":"failed","title":"creates a lesson via form","duration":241.29983400000037,"failureMessages":["TestingLibraryElementError: Unable to find an accessible element with the role \"combobox\" and name `/subject/i`\n\nHere are the accessible roles:\n\n  heading:\n\n  Name \"Study Planner\":\n  \u001b[36m<h2\u001b[39m\n    \u001b[33mclass\u001b[39m=\u001b[32m\"text-3xl font-bold text-gray-900\"\u001b[39m\n  \u001b[36m/>\u001b[39m\n\n  Name \"Add New Lesson\":\n  \u001b[36m<h3\u001b[39m\n    \u001b[33mclass\u001b[39m=\u001b[32m\"text-lg font-semibold text-gray-900\"\u001b[39m\n  \u001b[36m/>\u001b[39m\n\n  --------------------------------------------------\n  button:\n\n  Name \"Lesson Plans\":\n  \u001b[36m<button\u001b[39m\n    \u001b[33mclass\u001b[39m=\u001b[32m\"px-4 py-2 rounded-md text-sm font-medium transition-colors bg-white text-indigo-600 shadow-sm\"\u001b[39m\n  \u001b[36m/>\u001b[39m\n\n  Name \"Session History\":\n  \u001b[36m<button\u001b[39m\n    \u001b[33mclass\u001b[39m=\u001b[32m\"px-4 py-2 rounded-md text-sm font-medium transition-colors text-gray-500 hover:text-gray-700\"\u001b[39m\n  \u001b[36m/>\u001b[39m\n\n  Name \"Add Lesson\":\n  \u001b[36m<button\u001b[39m\n    \u001b[33mclass\u001b[39m=\u001b[32m\"w-full bg-indigo-600 text-white py-2 px-4 rounded-lg hover:bg-indigo-700 transition-colors flex items-center justify-center gap-2\"\u001b[39m\n    \u001b[33mtype\u001b[39m=\u001b[32m\"submit\"\u001b[39m\n  \u001b[36m/>\u001b[39m\n\n  --------------------------------------------------\n  paragraph:\n\n  Name \"\":\n  \u001b[36m<p\u001b[39m\n    \u001b[33mclass\u001b[39m=\u001b[32m\"p-6 text-center text-gray-500\"\u001b[39m\n  \u001b[36m/>\u001b[39m\n\n  --------------------------------------------------\n  textbox:\n\n  Name \"\":\n  \u001b[36m<input\u001b[39m\n    \u001b[33mclass\u001b[39m=\u001b[32m\"w-full rounded-lg border-gray-300 shadow-sm focus:border-indigo-500 focus:ring-indigo-500\"\u001b[39m\n    \u001b[33mrequired\u001b[39m=\u001b[32m\"\"\u001b[39m\n    \u001b[33mtype\u001b[39m=\u001b[32m\"text\"\u001b[39m\n    \u001b[33mvalue\u001b[39m=\u001b[32m\"New Lesson\"\u001b[39m\n  \u001b[36m/>\u001b[39m\n\n  --------------------------------------------------\n  combobox:\n\n  Name \"\":\n  \u001b[36m<select\u001b[39m\n    \u001b[33mclass\u001b[39m=\u001b[32m\"w-full rounded-lg border-gray-300\"\u001b[39m\n    \u001b[33mrequired\u001b[39m=\u001b[32m\"\"\u001b[39m\n  \u001b[36m/>\u001b[39m\n\n  Name \"\":\n  \u001b[36m<select\u001b[39m\n    \u001b[33mclass\u001b[39m=\u001b[32m\"w-full rounded-lg border-gray-300\"\u001b[39m\n  \u001b[36m/>\u001b[39m\n\n  --------------------------------------------------\n  option:\n\n  Name \"Select a Subject\":\n  \u001b[36m<option\u001b[39m\n    \u001b[33mvalue\u001b[39m=\u001b[32m\"\"\u001b[39m\n  \u001b[36m/>\u001b[39m\n\n  Name \"Math\":\n  \u001b[36m<option\u001b[39m\n    \u001b[33mvalue\u001b[39m=\u001b[32m\"1\"\u001b[39m\n  \u001b[36m/>\u001b[39m\n\n  Name \"No Template\":\n  \u001b[36m<option\u001b[39m\n    \u001b[33mvalue\u001b[39m=\u001b[32m\"\"\u001b[39m\n  \u001b[36m/>\u001b[39m\n\n  --------------------------------------------------\n\nIgnored nodes: comments, script, style\n\u001b[36m<body>\u001b[39m\n  \u001b[36m<div>\u001b[39m\n    \u001b[36m<div\u001b[39m\n      \u001b[33mclass\u001b[39m=\u001b[32m\"space-y-6\"\u001b[39m\n    \u001b[36m>\u001b[39m\n      \u001b[36m<div\u001b[39m\n        \u001b[33mclass\u001b[39m=\u001b[32m\"flex items-center justify-between\"\u001b[39m\n      \u001b[36m>\u001b[39m\n        \u001b[36m<h2\u001b[39m\n          \u001b[33mclass\u001b[39m=\u001b[32m\"text-3xl font-bold text-gray-900\"\u001b[39m\n        \u001b[36m>\u001b[39m\n          \u001b[0mStudy Planner\u001b[0m\n        \u001b[36m</h2>\u001b[39m\n        \u001b[36m<div\u001b[39m\n          \u001b[33mclass\u001b[39m=\u001b[32m\"flex bg-gray-100 p-1 rounded-lg\"\u001b[39m\n        \u001b[36m>\u001b[39m\n          \u001b[36m<button\u001b[39m\n            \u001b[33mclass\u001b[39m=\u001b[32m\"px-4 py-2 rounded-md text-sm font-medium transition-colors bg-white text-indigo-600 shadow-sm\"\u001b[39m\n          \u001b[36m>\u001b[39m\n            \u001b[0mLesson Plans\u001b[0m\n          \u001b[36m</button>\u001b[39m\n          \u001b[36m<button\u001b[39m\n            \u001b[33mclass\u001b[39m=\u001b[32m\"px-4 py-2 rounded-md text-sm font-medium transition-colors text-gray-500 hover:text-gray-700\"\u001b[39m\n          \u001b[36m>\u001b[39m\n            \u001b[0mSession History\u001b[0m\n          \u001b[36m</button>\u001b[39m\n        \u001b[36m</div>\u001b[39m\n      \u001b[36m</div>\u001b[39m\n      \u001b[36m<div\u001b[39m\n        \u001b[33mclass\u001b[39m=\u001b[32m\"grid grid-cols-1 lg:grid-cols-3 gap-8\"\u001b[39m\n      \u001b[36m>\u001b[39m\n        \u001b[36m<div\u001b[39m\n          \u001b[33mclass\u001b[39m=\u001b[32m\"lg:col-span-2 space-y-4\"\u001b[39m\n        \u001b[36m>\u001b[39m\n          \u001b[36m<div\u001b[39m\n            \u001b[33mclass\u001b[39m=\u001b[32m\"bg-white rounded-xl shadow-sm border border-gray-200 overflow-hidden\"\u001b[39m\n          \u001b[36m>\u001b[39m\n            \u001b[36m<div\u001b[39m\n              \u001b[33mclass\u001b[39m=\u001b[32m\"divide-y divide-gray-200\"\u001b[39m\n            \u001b[36m>\u001b[39m\n              \u001b[36m<p\u001b[39m\n                \u001b[33mclass\u001b[39m=\u001b[32m\"p-6 text-center text-gray-500\"\u001b[39m\n              \u001b[36m>\u001b[39m\n                \u001b[0mNo lessons planned.\u001b[0m\n              \u001b[36m</p>\u001b[39m\n            \u001b[36m</div>\u001b[39m\n          \u001b[36m</div>\u001b[39m\n        \u001b[36m</div>\u001b[39m\n        \u001b[36m<div\u001b[39m\n          \u001b[33mclass\u001b[39m=\u001b[32m\"bg-white rounded-xl shadow-sm border border-gray-200 p-6 h-fit\"\u001b[39m\n        \u001b[36m>\u001b[39m\n          \u001b[36m<div\u001b[39m\n            \u001b[33mclass\u001b[39m=\u001b[32m\"flex items-center justify-between mb-4\"\u001b[39m\n          \u001b[36m>\u001b[39m\n            \u001b[36m<h3\u001b[39m\n              \u001b[33mclass\u001b[39m=\u001b[32m\"text-lg font-semibold text-gray-900\"\u001b[39m\n            \u001b[36m>\u001b[39m\n              \u001b[0mAdd New Lesson\u001b[0m\n            \u001b[36m</h3>\u001b[39m\n          \u001b[36m</div>\u001b[39m\n          \u001b[36m<form\u001b[39m\n            \u001b[33mclass\u001b[39m=\u001b[32m\"space-y-4\"\u001b[39m\n          \u001b[36m>\u001b[39m\n            \u001b[36m<div>\u001b[39m\n              \u001b[36m<label\u001b[39m\n                \u001b[33mclass\u001b[39m=\u001b[32m\"block text-sm font-medium text-gray-700 mb-1\"\u001b[39m\n              \u001b[36m>\u001b[39m\n                \u001b[0mTitle\u001b[0m\n              \u001b[36m</label>\u001b[39m\n              \u001b[36m<input\u001b[39m\n                \u001b[33mclass\u001b[39m=\u001b[32m\"w-full rounded-lg border-gray-300 shadow-sm focus:border-indigo-500 focus:ring-indigo-500\"\u001b[39m\n                \u001b[33mrequired\u001b[39m=\u001b[32m\"\"\u001b[39m\n                \u001b[33mtype\u001b[39m=\u001b[32m\"text\"\u001b[39m\n                \u001b[33mvalue\u001b[39m=\u001b[32m\"New Lesson\"\u001b[39m\n              \u001b[36m/>\u001b[39m\n            \u001b[36m</div>\u001b[39m\n            \u001b[36m<div>\u001b[39m\n              \u001b[36m<label\u001b[39m\n                \u001b[33mclass\u001b[39m=\u001b[32m\"block text-sm font-medium text-gray-700 mb-1\"\u001b[39m\n              \u001b[36m>\u001b[39m\n                \u001b[0mSubject\u001b[0m\n              \u001b[36m</label>\u001b[39m\n              \u001b[36m<select\u001b[39m\n                \u001b[33mclass\u001b[39m=\u001b[32m\"w-full rounded-lg border-gray-300\"\u001b[39m\n                \u001b[33mrequired\u001b[39m=\u001b[32m\"\"\u001b[39m\n              \u001b[36m>\u001b[39m\n                \u001b[36m<option\u001b[39m\n                  \u001b[33mvalue\u001b[39m=\u001b[32m\"\"\u001b[39m\n                \u001b[36m>\u001b[39m\n                  \u001b[0mSelect a Subject\u001b[0m\n                \u001b[36m</option>\u001b[39m\n                \u001b[36m<option\u001b[39m\n                  \u001b[33mvalue\u001b[39m=\u001b[32m\"1\"\u001b[39m\n                \u001b[36m>\u001b[39m\n                  \u001b[0mMath\u001b[0m\n                \u001b[36m</option>\u001b[39m\n              \u001b[36m</select>\u001b[39m\n            \u001b[36m</div>\u001b[39m\n            \u001b[36m<div>\u001b[39m\n              \u001b[36m<label\u001b[39m\n                \u001b[33mclass\u001b[39m=\u001b[32m\"block text-sm font-medium text-gray-700 mb-1\"\u001b[39m\n              \u001b[36m>\u001b[39m\n                \u001b[0mDate\u001b[0m\n              \u001b[36m</label>\u001b[39m\n              \u001b[36m<input\u001b[39m\n                \u001b[33mclass\u001b[39m=\u001b[32m\"w-full rounded-lg border-gray-300 shadow-sm focus:border-indigo-500 focus:ring-indigo-500\"\u001b[39m\n                \u001b[33mrequired\u001b[39m=\u001b[32m\"\"\u001b[39m\n                \u001b[33mtype\u001b[39m=\u001b[32m\"date\"\u001b[39m\n                \u001b[33mvalue\u001b[39m=\u001b[32m\"2026-02-14\"\u001b[39m\n              \u001b[36m/>\u001b[39m\n            \u001b[36m</div>\u001b[39m\n            \u001b[36m<div>\u001b[39m\n              \u001b[36m<label\u001b[39m\n                \u001b[33mclass\u001b[39m=\u001b[32m\"block text-sm font-medium text-gray-700 mb-1\"\u001b[39m\n              \u001b[36m>\u001b[39m\n                \u001b[0mChecklist Template (Optional)\u001b[0m\n              \u001b[36m</label>\u001b[39m\n              \u001b[36m<select\u001b[39m\n                \u001b[33mclass\u001b[39m=\u001b[32m\"w-full rounded-lg border-gray-300\"\u001b[39m\n              \u001b[36m>\u001b[39m\n                \u001b[36m<option\u001b[39m\n                  \u001b[33mvalue\u001b[39m=\u001b[32m\"\"\u001b[39m\n                \u001b[36m>\u001b[39m\n                  \u001b[0mNo Template\u001b[0m\n                \u001b[36m</option>\u001b[39m\n              \u001b[36m</select>\u001b[39m\n            \u001b[36m</div>\u001b[39m\n            \u001b[36m<button\u001b[39m\n              \u001b[33mclass\u001b[39m=\u001b[32m\"w-full bg-indigo-600 text-white py-2 px-4 rounded-lg hover:bg-indigo-700 transition-colors flex items-center justify-center gap-2\"\u001b[39m\n              \u001b[33mtype\u001b[39m=\u001b[32m\"submit\"\u001b[39m\n            \u001b[36m>\u001b[39m\n              \u001b[36m<svg\u001b[39m\n                \u001b[33maria-hidden\u001b[39m=\u001b[32m\"true\"\u001b[39m\n                \u001b[33mclass\u001b[39m=\u001b[32m\"lucide lucide-plus w-4 h-4\"\u001b[39m\n                \u001b[33mfill\u001b[39m=\u001b[32m\"none\"\u001b[39m\n                \u001b[33mheight\u001b[39m=\u001b[32m\"24\"\u001b[39m\n                \u001b[33mstroke\u001b[39m=\u001b[32m\"currentColor\"\u001b[39m\n                \u001b[33mstroke-linecap\u001b[39m=\u001b[32m\"round\"\u001b[39m\n                \u001b[33mstroke-linejoin\u001b[39m=\u001b[32m\"round\"\u001b[39m\n                \u001b[33mstroke-width\u001b[39m=\u001b[32m\"2\"\u001b[39m\n                \u001b[33mviewBox\u001b[39m=\u001b[32m\"0 0 24 24\"\u001b[39m\n                \u001b[33mwidth\u001b[39m=\u001b[32m\"24\"\u001b[39m\n                \u001b[33mxmlns\u001b[39m=\u001b[32m\"http://www.w3.org/2000/svg\"\u001b[39m\n              \u001b[36m>\u001b[39m\n                \u001b[36m<path\u001b[39m\n                  \u001b[33md\u001b[39m=\u001b[32m\"M5 12h14\"\u001b[39m\n                \u001b[36m/>\u001b[39m\n                \u001b[36m<path\u001b[39m\n                  \u001b[33md\u001b[39m=\u001b[32m\"M12 5v14\"\u001b[39m\n                \u001b[36m/>\u001b[39m\n              \u001b[36m</svg>\u001b[39m\n              \u001b[0m \u001b[0m\n              \u001b[0mAdd Lesson\u001b[0m\n            \u001b[36m</button>\u001b[39m\n          \u001b[36m</form>\u001b[39m\n        \u001b[36m</div>\u001b[39m\n      \u001b[36m</div>\u001b[39m\n    \u001b[36m</div>\u001b[39m\n  \u001b[36m</div>\u001b[39m\n\u001b[36m</body>\u001b[39m\n    at Object.getElementError (/Users/leonardo.piedade/Personal/Github/study-tracker/client/node_modules/@testing-library/dom/dist/config.js:37:19)\n    at /Users/leonardo.piedade/Personal/Github/study-tracker/client/node_modules/@testing-library/dom/dist/query-helpers.js:76:38\n    at /Users/leonardo.piedade/Personal/Github/study-tracker/client/node_modules/@testing-library/dom/dist/query-helpers.js:52:17\n    at /Users/leonardo.piedade/Personal/Github/study-tracker/client/node_modules/@testing-library/dom/dist/query-helpers.js:95:19\n    at /Users/leonardo.piedade/Personal/Github/study-tracker/client/src/pages/Planner.test.tsx:197:38\n    at file:///Users/leonardo.piedade/Personal/Github/study-tracker/client/node_modules/@vitest/runner/dist/index.js:915:20"],"meta":{}},{"ancestorTitles":["Planner"],"fullName":"Planner shows alert on lesson create error","status":"passed","title":"shows alert on lesson create error","duration":86.33783399999993,"failureMessages":[],"meta":{}},{"ancestorTitles":["Planner"],"fullName":"Planner starts and cancels editing a lesson","status":"passed","title":"starts and cancels editing a lesson","duration":11.19933299999957,"failureMessages":[],"meta":{}},{"ancestorTitles":["Planner"],"fullName":"Planner opens delete modal and confirms","status":"passed","title":"opens delete modal and confirms","duration":12.06554099999994,"failureMessages":[],"meta":{}},{"ancestorTitles":["Planner"],"fullName":"Planner opens delete modal and cancels","status":"passed","title":"opens delete modal and cancels","duration":12.890916999999718,"failureMessages":[],"meta":{}},{"ancestorTitles":["Planner"],"fullName":"Planner renders session form when on sessions tab","status":"passed","title":"renders session form when on sessions tab","duration":6.409499999999753,"failureMessages":[],"meta":{}},{"ancestorTitles":["Planner"],"fullName":"Planner creates a session via form","status":"passed","title":"creates a session via form","duration":77.41079100000024,"failureMessages":[],"meta":{}},{"ancestorTitles":["Planner"],"fullName":"Planner shows alert on session create error","status":"passed","title":"shows alert on session create error","duration":90.14170899999954,"failureMessages":[],"meta":{}},{"ancestorTitles":["Planner"],"fullName":"Planner handles fetch error","status":"passed","title":"handles fetch error","duration":4.707666000000245,"failureMessages":[],"meta":{}}],"startTime":1771107637749,"endTime":1771107638444.7078,"status":"failed","message":"","name":"/Users/leonardo.piedade/Personal/Github/study-tracker/client/src/pages/Planner.test.tsx"},{"assertionResults":[{"ancestorTitles":["Results"],"fullName":"Results shows loading","status":"passed","title":"shows loading","duration":19.21650000000045,"failureMessages":[],"meta":{}},{"ancestorTitles":["Results"],"fullName":"Results shows empty state","status":"passed","title":"shows empty state","duration":15.164082999999664,"failureMessages":[],"meta":{}},{"ancestorTitles":["Results"],"fullName":"Results renders exam results with passing scores (green)","status":"passed","title":"renders exam results with passing scores (green)","duration":9.193374999999833,"failureMessages":[],"meta":{}},{"ancestorTitles":["Results"],"fullName":"Results renders failing scores with red badge","status":"passed","title":"renders failing scores with red badge","duration":7.12341699999979,"failureMessages":[],"meta":{}},{"ancestorTitles":["Results"],"fullName":"Results renders Unknown for missing subject","status":"passed","title":"renders Unknown for missing subject","duration":7.741791999999805,"failureMessages":[],"meta":{}},{"ancestorTitles":["Results"],"fullName":"Results renders form and submits exam result","status":"passed","title":"renders form and submits exam result","duration":159.5900419999998,"failureMessages":[],"meta":{}},{"ancestorTitles":["Results"],"fullName":"Results shows alert on submit error","status":"passed","title":"shows alert on submit error","duration":94.56941599999936,"failureMessages":[],"meta":{}},{"ancestorTitles":["Results"],"fullName":"Results handles fetch error","status":"passed","title":"handles fetch error","duration":8.283333000000312,"failureMessages":[],"meta":{}}],"startTime":1771107637773,"endTime":1771107638094.2834,"status":"passed","message":"","name":"/Users/leonardo.piedade/Personal/Github/study-tracker/client/src/pages/Results.test.tsx"},{"assertionResults":[{"ancestorTitles":["Subjects"],"fullName":"Subjects shows loading state","status":"passed","title":"shows loading state","duration":18.42712500000016,"failureMessages":[],"meta":{}},{"ancestorTitles":["Subjects"],"fullName":"Subjects shows empty state","status":"passed","title":"shows empty state","duration":17.423291000000063,"failureMessages":[],"meta":{}},{"ancestorTitles":["Subjects"],"fullName":"Subjects renders subjects with description","status":"passed","title":"renders subjects with description","duration":15.102708000000348,"failureMessages":[],"meta":{}},{"ancestorTitles":["Subjects"],"fullName":"Subjects renders No description for missing description","status":"passed","title":"renders No description for missing description","duration":6.728834000000006,"failureMessages":[],"meta":{}},{"ancestorTitles":["Subjects"],"fullName":"Subjects renders lesson plan progress","status":"passed","title":"renders lesson plan progress","duration":8.68316700000014,"failureMessages":[],"meta":{}},{"ancestorTitles":["Subjects"],"fullName":"Subjects renders course badge","status":"passed","title":"renders course badge","duration":10.81841600000007,"failureMessages":[],"meta":{}},{"ancestorTitles":["Subjects"],"fullName":"Subjects creates a subject via form","status":"failed","title":"creates a subject via form","duration":160.33550000000014,"failureMessages":["TestingLibraryElementError: Unable to find an accessible element with the role \"textbox\" and name `/name/i`\n\nHere are the accessible roles:\n\n  heading:\n\n  Name \"Manage Subjects\":\n  \u001b[36m<h2\u001b[39m\n    \u001b[33mclass\u001b[39m=\u001b[32m\"text-3xl font-bold text-gray-900\"\u001b[39m\n  \u001b[36m/>\u001b[39m\n\n  Name \"Add New Subject\":\n  \u001b[36m<h3\u001b[39m\n    \u001b[33mclass\u001b[39m=\u001b[32m\"text-lg font-semibold text-gray-900 mb-4\"\u001b[39m\n  \u001b[36m/>\u001b[39m\n\n  --------------------------------------------------\n  paragraph:\n\n  Name \"\":\n  \u001b[36m<p\u001b[39m\n    \u001b[33mclass\u001b[39m=\u001b[32m\"p-6 text-center text-gray-500\"\u001b[39m\n  \u001b[36m/>\u001b[39m\n\n  --------------------------------------------------\n  textbox:\n\n  Name \"\":\n  \u001b[36m<input\u001b[39m\n    \u001b[33mclass\u001b[39m=\u001b[32m\"w-full rounded-lg border-gray-300\"\u001b[39m\n    \u001b[33mrequired\u001b[39m=\u001b[32m\"\"\u001b[39m\n    \u001b[33mtype\u001b[39m=\u001b[32m\"text\"\u001b[39m\n    \u001b[33mvalue\u001b[39m=\u001b[32m\"\"\u001b[39m\n  \u001b[36m/>\u001b[39m\n\n  Name \"\":\n  \u001b[36m<input\u001b[39m\n    \u001b[33mclass\u001b[39m=\u001b[32m\"w-full rounded-lg border-gray-300\"\u001b[39m\n    \u001b[33mtype\u001b[39m=\u001b[32m\"text\"\u001b[39m\n    \u001b[33mvalue\u001b[39m=\u001b[32m\"\"\u001b[39m\n  \u001b[36m/>\u001b[39m\n\n  --------------------------------------------------\n  combobox:\n\n  Name \"\":\n  \u001b[36m<select\u001b[39m\n    \u001b[33mclass\u001b[39m=\u001b[32m\"w-full rounded-lg border-gray-300\"\u001b[39m\n  \u001b[36m/>\u001b[39m\n\n  --------------------------------------------------\n  option:\n\n  Name \"Select a Course (Optional)\":\n  \u001b[36m<option\u001b[39m\n    \u001b[33mvalue\u001b[39m=\u001b[32m\"\"\u001b[39m\n  \u001b[36m/>\u001b[39m\n\n  Name \"CS\":\n  \u001b[36m<option\u001b[39m\n    \u001b[33mvalue\u001b[39m=\u001b[32m\"1\"\u001b[39m\n  \u001b[36m/>\u001b[39m\n\n  --------------------------------------------------\n  button:\n\n  Name \"Add Subject\":\n  \u001b[36m<button\u001b[39m\n    \u001b[33mclass\u001b[39m=\u001b[32m\"w-full bg-indigo-600 text-white py-2 rounded-lg hover:bg-indigo-700 flex items-center justify-center gap-2\"\u001b[39m\n    \u001b[33mtype\u001b[39m=\u001b[32m\"submit\"\u001b[39m\n  \u001b[36m/>\u001b[39m\n\n  --------------------------------------------------\n\nIgnored nodes: comments, script, style\n\u001b[36m<body>\u001b[39m\n  \u001b[36m<div>\u001b[39m\n    \u001b[36m<div\u001b[39m\n      \u001b[33mclass\u001b[39m=\u001b[32m\"space-y-8\"\u001b[39m\n    \u001b[36m>\u001b[39m\n      \u001b[36m<h2\u001b[39m\n        \u001b[33mclass\u001b[39m=\u001b[32m\"text-3xl font-bold text-gray-900\"\u001b[39m\n      \u001b[36m>\u001b[39m\n        \u001b[0mManage Subjects\u001b[0m\n      \u001b[36m</h2>\u001b[39m\n      \u001b[36m<div\u001b[39m\n        \u001b[33mclass\u001b[39m=\u001b[32m\"grid grid-cols-1 lg:grid-cols-3 gap-8\"\u001b[39m\n      \u001b[36m>\u001b[39m\n        \u001b[36m<div\u001b[39m\n          \u001b[33mclass\u001b[39m=\u001b[32m\"lg:col-span-2 space-y-4\"\u001b[39m\n        \u001b[36m>\u001b[39m\n          \u001b[36m<div\u001b[39m\n            \u001b[33mclass\u001b[39m=\u001b[32m\"bg-white rounded-xl shadow-sm border border-gray-200 overflow-hidden\"\u001b[39m\n          \u001b[36m>\u001b[39m\n            \u001b[36m<div\u001b[39m\n              \u001b[33mclass\u001b[39m=\u001b[32m\"divide-y divide-gray-200\"\u001b[39m\n            \u001b[36m>\u001b[39m\n              \u001b[36m<p\u001b[39m\n                \u001b[33mclass\u001b[39m=\u001b[32m\"p-6 text-center text-gray-500\"\u001b[39m\n              \u001b[36m>\u001b[39m\n                \u001b[0mNo subjects found.\u001b[0m\n              \u001b[36m</p>\u001b[39m\n            \u001b[36m</div>\u001b[39m\n          \u001b[36m</div>\u001b[39m\n        \u001b[36m</div>\u001b[39m\n        \u001b[36m<div\u001b[39m\n          \u001b[33mclass\u001b[39m=\u001b[32m\"bg-white rounded-xl shadow-sm border border-gray-200 p-6 h-fit\"\u001b[39m\n        \u001b[36m>\u001b[39m\n          \u001b[36m<h3\u001b[39m\n            \u001b[33mclass\u001b[39m=\u001b[32m\"text-lg font-semibold text-gray-900 mb-4\"\u001b[39m\n          \u001b[36m>\u001b[39m\n            \u001b[0mAdd New Subject\u001b[0m\n          \u001b[36m</h3>\u001b[39m\n          \u001b[36m<form\u001b[39m\n            \u001b[33mclass\u001b[39m=\u001b[32m\"space-y-4\"\u001b[39m\n          \u001b[36m>\u001b[39m\n            \u001b[36m<div>\u001b[39m\n              \u001b[36m<label\u001b[39m\n                \u001b[33mclass\u001b[39m=\u001b[32m\"block text-sm font-medium text-gray-700 mb-1\"\u001b[39m\n              \u001b[36m>\u001b[39m\n                \u001b[0mName\u001b[0m\n              \u001b[36m</label>\u001b[39m\n              \u001b[36m<input\u001b[39m\n                \u001b[33mclass\u001b[39m=\u001b[32m\"w-full rounded-lg border-gray-300\"\u001b[39m\n                \u001b[33mrequired\u001b[39m=\u001b[32m\"\"\u001b[39m\n                \u001b[33mtype\u001b[39m=\u001b[32m\"text\"\u001b[39m\n                \u001b[33mvalue\u001b[39m=\u001b[32m\"\"\u001b[39m\n              \u001b[36m/>\u001b[39m\n            \u001b[36m</div>\u001b[39m\n            \u001b[36m<div>\u001b[39m\n              \u001b[36m<label\u001b[39m\n                \u001b[33mclass\u001b[39m=\u001b[32m\"block text-sm font-medium text-gray-700 mb-1\"\u001b[39m\n              \u001b[36m>\u001b[39m\n                \u001b[0mDescription\u001b[0m\n              \u001b[36m</label>\u001b[39m\n              \u001b[36m<input\u001b[39m\n                \u001b[33mclass\u001b[39m=\u001b[32m\"w-full rounded-lg border-gray-300\"\u001b[39m\n                \u001b[33mtype\u001b[39m=\u001b[32m\"text\"\u001b[39m\n                \u001b[33mvalue\u001b[39m=\u001b[32m\"\"\u001b[39m\n              \u001b[36m/>\u001b[39m\n            \u001b[36m</div>\u001b[39m\n            \u001b[36m<div>\u001b[39m\n              \u001b[36m<label\u001b[39m\n                \u001b[33mclass\u001b[39m=\u001b[32m\"block text-sm font-medium text-gray-700 mb-1\"\u001b[39m\n              \u001b[36m>\u001b[39m\n                \u001b[0mCourse\u001b[0m\n              \u001b[36m</label>\u001b[39m\n              \u001b[36m<select\u001b[39m\n                \u001b[33mclass\u001b[39m=\u001b[32m\"w-full rounded-lg border-gray-300\"\u001b[39m\n              \u001b[36m>\u001b[39m\n                \u001b[36m<option\u001b[39m\n                  \u001b[33mvalue\u001b[39m=\u001b[32m\"\"\u001b[39m\n                \u001b[36m>\u001b[39m\n                  \u001b[0mSelect a Course (Optional)\u001b[0m\n                \u001b[36m</option>\u001b[39m\n                \u001b[36m<option\u001b[39m\n                  \u001b[33mvalue\u001b[39m=\u001b[32m\"1\"\u001b[39m\n                \u001b[36m>\u001b[39m\n                  \u001b[0mCS\u001b[0m\n                \u001b[36m</option>\u001b[39m\n              \u001b[36m</select>\u001b[39m\n            \u001b[36m</div>\u001b[39m\n            \u001b[36m<div>\u001b[39m\n              \u001b[36m<label\u001b[39m\n                \u001b[33mclass\u001b[39m=\u001b[32m\"block text-sm font-medium text-gray-700 mb-1\"\u001b[39m\n              \u001b[36m>\u001b[39m\n                \u001b[0mColor\u001b[0m\n              \u001b[36m</label>\u001b[39m\n              \u001b[36m<input\u001b[39m\n                \u001b[33mclass\u001b[39m=\u001b[32m\"w-full h-10 rounded-lg p-1\"\u001b[39m\n                \u001b[33mtype\u001b[39m=\u001b[32m\"color\"\u001b[39m\n                \u001b[33mvalue\u001b[39m=\u001b[32m\"#4f46e5\"\u001b[39m\n              \u001b[36m/>\u001b[39m\n            \u001b[36m</div>\u001b[39m\n            \u001b[36m<button\u001b[39m\n              \u001b[33mclass\u001b[39m=\u001b[32m\"w-full bg-indigo-600 text-white py-2 rounded-lg hover:bg-indigo-700 flex items-center justify-center gap-2\"\u001b[39m\n              \u001b[33mtype\u001b[39m=\u001b[32m\"submit\"\u001b[39m\n            \u001b[36m>\u001b[39m\n              \u001b[36m<svg\u001b[39m\n                \u001b[33maria-hidden\u001b[39m=\u001b[32m\"true\"\u001b[39m\n                \u001b[33mclass\u001b[39m=\u001b[32m\"lucide lucide-plus w-4 h-4\"\u001b[39m\n                \u001b[33mfill\u001b[39m=\u001b[32m\"none\"\u001b[39m\n                \u001b[33mheight\u001b[39m=\u001b[32m\"24\"\u001b[39m\n                \u001b[33mstroke\u001b[39m=\u001b[32m\"currentColor\"\u001b[39m\n                \u001b[33mstroke-linecap\u001b[39m=\u001b[32m\"round\"\u001b[39m\n                \u001b[33mstroke-linejoin\u001b[39m=\u001b[32m\"round\"\u001b[39m\n                \u001b[33mstroke-width\u001b[39m=\u001b[32m\"2\"\u001b[39m\n                \u001b[33mviewBox\u001b[39m=\u001b[32m\"0 0 24 24\"\u001b[39m\n                \u001b[33mwidth\u001b[39m=\u001b[32m\"24\"\u001b[39m\n                \u001b[33mxmlns\u001b[39m=\u001b[32m\"http://www.w3.org/2000/svg\"\u001b[39m\n              \u001b[36m>\u001b[39m\n                \u001b[36m<path\u001b[39m\n                  \u001b[33md\u001b[39m=\u001b[32m\"M5 12h14\"\u001b[39m\n                \u001b[36m/>\u001b[39m\n                \u001b[36m<path\u001b[39m\n                  \u001b[33md\u001b[39m=\u001b[32m\"M12 5v14\"\u001b[39m\n                \u001b[36m/>\u001b[39m\n              \u001b[36m</svg>\u001b[39m\n              \u001b[0m Add Subject\u001b[0m\n            \u001b[36m</button>\u001b[39m\n          \u001b[36m</form>\u001b[39m\n        \u001b[36m</div>\u001b[39m\n      \u001b[36m</div>\u001b[39m\n    \u001b[36m</div>\u001b[39m\n  \u001b[36m</div>\u001b[39m\n\u001b[36m</body>\u001b[39m\n    at Object.getElementError (/Users/leonardo.piedade/Personal/Github/study-tracker/client/node_modules/@testing-library/dom/dist/config.js:37:19)\n    at /Users/leonardo.piedade/Personal/Github/study-tracker/client/node_modules/@testing-library/dom/dist/query-helpers.js:76:38\n    at /Users/leonardo.piedade/Personal/Github/study-tracker/client/node_modules/@testing-library/dom/dist/query-helpers.js:52:17\n    at /Users/leonardo.piedade/Personal/Github/study-tracker/client/node_modules/@testing-library/dom/dist/query-helpers.js:95:19\n    at /Users/leonardo.piedade/Personal/Github/study-tracker/client/src/pages/Subjects.test.tsx:103:34\n    at file:///Users/leonardo.piedade/Personal/Github/study-tracker/client/node_modules/@vitest/runner/dist/index.js:915:20"],"meta":{}},{"ancestorTitles":["Subjects"],"fullName":"Subjects shows alert on create error","status":"failed","title":"shows alert on create error","duration":72.98179200000004,"failureMessages":["TestingLibraryElementError: Unable to find an accessible element with the role \"textbox\" and name `/name/i`\n\nHere are the accessible roles:\n\n  heading:\n\n  Name \"Manage Subjects\":\n  \u001b[36m<h2\u001b[39m\n    \u001b[33mclass\u001b[39m=\u001b[32m\"text-3xl font-bold text-gray-900\"\u001b[39m\n  \u001b[36m/>\u001b[39m\n\n  Name \"Add New Subject\":\n  \u001b[36m<h3\u001b[39m\n    \u001b[33mclass\u001b[39m=\u001b[32m\"text-lg font-semibold text-gray-900 mb-4\"\u001b[39m\n  \u001b[36m/>\u001b[39m\n\n  --------------------------------------------------\n  paragraph:\n\n  Name \"\":\n  \u001b[36m<p\u001b[39m\n    \u001b[33mclass\u001b[39m=\u001b[32m\"p-6 text-center text-gray-500\"\u001b[39m\n  \u001b[36m/>\u001b[39m\n\n  --------------------------------------------------\n  textbox:\n\n  Name \"\":\n  \u001b[36m<input\u001b[39m\n    \u001b[33mclass\u001b[39m=\u001b[32m\"w-full rounded-lg border-gray-300\"\u001b[39m\n    \u001b[33mrequired\u001b[39m=\u001b[32m\"\"\u001b[39m\n    \u001b[33mtype\u001b[39m=\u001b[32m\"text\"\u001b[39m\n    \u001b[33mvalue\u001b[39m=\u001b[32m\"\"\u001b[39m\n  \u001b[36m/>\u001b[39m\n\n  Name \"\":\n  \u001b[36m<input\u001b[39m\n    \u001b[33mclass\u001b[39m=\u001b[32m\"w-full rounded-lg border-gray-300\"\u001b[39m\n    \u001b[33mtype\u001b[39m=\u001b[32m\"text\"\u001b[39m\n    \u001b[33mvalue\u001b[39m=\u001b[32m\"\"\u001b[39m\n  \u001b[36m/>\u001b[39m\n\n  --------------------------------------------------\n  combobox:\n\n  Name \"\":\n  \u001b[36m<select\u001b[39m\n    \u001b[33mclass\u001b[39m=\u001b[32m\"w-full rounded-lg border-gray-300\"\u001b[39m\n  \u001b[36m/>\u001b[39m\n\n  --------------------------------------------------\n  option:\n\n  Name \"Select a Course (Optional)\":\n  \u001b[36m<option\u001b[39m\n    \u001b[33mvalue\u001b[39m=\u001b[32m\"\"\u001b[39m\n  \u001b[36m/>\u001b[39m\n\n  --------------------------------------------------\n  button:\n\n  Name \"Add Subject\":\n  \u001b[36m<button\u001b[39m\n    \u001b[33mclass\u001b[39m=\u001b[32m\"w-full bg-indigo-600 text-white py-2 rounded-lg hover:bg-indigo-700 flex items-center justify-center gap-2\"\u001b[39m\n    \u001b[33mtype\u001b[39m=\u001b[32m\"submit\"\u001b[39m\n  \u001b[36m/>\u001b[39m\n\n  --------------------------------------------------\n\nIgnored nodes: comments, script, style\n\u001b[36m<body>\u001b[39m\n  \u001b[36m<div>\u001b[39m\n    \u001b[36m<div\u001b[39m\n      \u001b[33mclass\u001b[39m=\u001b[32m\"space-y-8\"\u001b[39m\n    \u001b[36m>\u001b[39m\n      \u001b[36m<h2\u001b[39m\n        \u001b[33mclass\u001b[39m=\u001b[32m\"text-3xl font-bold text-gray-900\"\u001b[39m\n      \u001b[36m>\u001b[39m\n        \u001b[0mManage Subjects\u001b[0m\n      \u001b[36m</h2>\u001b[39m\n      \u001b[36m<div\u001b[39m\n        \u001b[33mclass\u001b[39m=\u001b[32m\"grid grid-cols-1 lg:grid-cols-3 gap-8\"\u001b[39m\n      \u001b[36m>\u001b[39m\n        \u001b[36m<div\u001b[39m\n          \u001b[33mclass\u001b[39m=\u001b[32m\"lg:col-span-2 space-y-4\"\u001b[39m\n        \u001b[36m>\u001b[39m\n          \u001b[36m<div\u001b[39m\n            \u001b[33mclass\u001b[39m=\u001b[32m\"bg-white rounded-xl shadow-sm border border-gray-200 overflow-hidden\"\u001b[39m\n          \u001b[36m>\u001b[39m\n            \u001b[36m<div\u001b[39m\n              \u001b[33mclass\u001b[39m=\u001b[32m\"divide-y divide-gray-200\"\u001b[39m\n            \u001b[36m>\u001b[39m\n              \u001b[36m<p\u001b[39m\n                \u001b[33mclass\u001b[39m=\u001b[32m\"p-6 text-center text-gray-500\"\u001b[39m\n              \u001b[36m>\u001b[39m\n                \u001b[0mNo subjects found.\u001b[0m\n              \u001b[36m</p>\u001b[39m\n            \u001b[36m</div>\u001b[39m\n          \u001b[36m</div>\u001b[39m\n        \u001b[36m</div>\u001b[39m\n        \u001b[36m<div\u001b[39m\n          \u001b[33mclass\u001b[39m=\u001b[32m\"bg-white rounded-xl shadow-sm border border-gray-200 p-6 h-fit\"\u001b[39m\n        \u001b[36m>\u001b[39m\n          \u001b[36m<h3\u001b[39m\n            \u001b[33mclass\u001b[39m=\u001b[32m\"text-lg font-semibold text-gray-900 mb-4\"\u001b[39m\n          \u001b[36m>\u001b[39m\n            \u001b[0mAdd New Subject\u001b[0m\n          \u001b[36m</h3>\u001b[39m\n          \u001b[36m<form\u001b[39m\n            \u001b[33mclass\u001b[39m=\u001b[32m\"space-y-4\"\u001b[39m\n          \u001b[36m>\u001b[39m\n            \u001b[36m<div>\u001b[39m\n              \u001b[36m<label\u001b[39m\n                \u001b[33mclass\u001b[39m=\u001b[32m\"block text-sm font-medium text-gray-700 mb-1\"\u001b[39m\n              \u001b[36m>\u001b[39m\n                \u001b[0mName\u001b[0m\n              \u001b[36m</label>\u001b[39m\n              \u001b[36m<input\u001b[39m\n                \u001b[33mclass\u001b[39m=\u001b[32m\"w-full rounded-lg border-gray-300\"\u001b[39m\n                \u001b[33mrequired\u001b[39m=\u001b[32m\"\"\u001b[39m\n                \u001b[33mtype\u001b[39m=\u001b[32m\"text\"\u001b[39m\n                \u001b[33mvalue\u001b[39m=\u001b[32m\"\"\u001b[39m\n              \u001b[36m/>\u001b[39m\n            \u001b[36m</div>\u001b[39m\n            \u001b[36m<div>\u001b[39m\n              \u001b[36m<label\u001b[39m\n                \u001b[33mclass\u001b[39m=\u001b[32m\"block text-sm font-medium text-gray-700 mb-1\"\u001b[39m\n              \u001b[36m>\u001b[39m\n                \u001b[0mDescription\u001b[0m\n              \u001b[36m</label>\u001b[39m\n              \u001b[36m<input\u001b[39m\n                \u001b[33mclass\u001b[39m=\u001b[32m\"w-full rounded-lg border-gray-300\"\u001b[39m\n                \u001b[33mtype\u001b[39m=\u001b[32m\"text\"\u001b[39m\n                \u001b[33mvalue\u001b[39m=\u001b[32m\"\"\u001b[39m\n              \u001b[36m/>\u001b[39m\n            \u001b[36m</div>\u001b[39m\n            \u001b[36m<div>\u001b[39m\n              \u001b[36m<label\u001b[39m\n                \u001b[33mclass\u001b[39m=\u001b[32m\"block text-sm font-medium text-gray-700 mb-1\"\u001b[39m\n              \u001b[36m>\u001b[39m\n                \u001b[0mCourse\u001b[0m\n              \u001b[36m</label>\u001b[39m\n              \u001b[36m<select\u001b[39m\n                \u001b[33mclass\u001b[39m=\u001b[32m\"w-full rounded-lg border-gray-300\"\u001b[39m\n              \u001b[36m>\u001b[39m\n                \u001b[36m<option\u001b[39m\n                  \u001b[33mvalue\u001b[39m=\u001b[32m\"\"\u001b[39m\n                \u001b[36m>\u001b[39m\n                  \u001b[0mSelect a Course (Optional)\u001b[0m\n                \u001b[36m</option>\u001b[39m\n              \u001b[36m</select>\u001b[39m\n            \u001b[36m</div>\u001b[39m\n            \u001b[36m<div>\u001b[39m\n              \u001b[36m<label\u001b[39m\n                \u001b[33mclass\u001b[39m=\u001b[32m\"block text-sm font-medium text-gray-700 mb-1\"\u001b[39m\n              \u001b[36m>\u001b[39m\n                \u001b[0mColor\u001b[0m\n              \u001b[36m</label>\u001b[39m\n              \u001b[36m<input\u001b[39m\n                \u001b[33mclass\u001b[39m=\u001b[32m\"w-full h-10 rounded-lg p-1\"\u001b[39m\n                \u001b[33mtype\u001b[39m=\u001b[32m\"color\"\u001b[39m\n                \u001b[33mvalue\u001b[39m=\u001b[32m\"#4f46e5\"\u001b[39m\n              \u001b[36m/>\u001b[39m\n            \u001b[36m</div>\u001b[39m\n            \u001b[36m<button\u001b[39m\n              \u001b[33mclass\u001b[39m=\u001b[32m\"w-full bg-indigo-600 text-white py-2 rounded-lg hover:bg-indigo-700 flex items-center justify-center gap-2\"\u001b[39m\n              \u001b[33mtype\u001b[39m=\u001b[32m\"submit\"\u001b[39m\n            \u001b[36m>\u001b[39m\n              \u001b[36m<svg\u001b[39m\n                \u001b[33maria-hidden\u001b[39m=\u001b[32m\"true\"\u001b[39m\n                \u001b[33mclass\u001b[39m=\u001b[32m\"lucide lucide-plus w-4 h-4\"\u001b[39m\n                \u001b[33mfill\u001b[39m=\u001b[32m\"none\"\u001b[39m\n                \u001b[33mheight\u001b[39m=\u001b[32m\"24\"\u001b[39m\n                \u001b[33mstroke\u001b[39m=\u001b[32m\"currentColor\"\u001b[39m\n                \u001b[33mstroke-linecap\u001b[39m=\u001b[32m\"round\"\u001b[39m\n                \u001b[33mstroke-linejoin\u001b[39m=\u001b[32m\"round\"\u001b[39m\n                \u001b[33mstroke-width\u001b[39m=\u001b[32m\"2\"\u001b[39m\n                \u001b[33mviewBox\u001b[39m=\u001b[32m\"0 0 24 24\"\u001b[39m\n                \u001b[33mwidth\u001b[39m=\u001b[32m\"24\"\u001b[39m\n                \u001b[33mxmlns\u001b[39m=\u001b[32m\"http://www.w3.org/2000/svg\"\u001b[39m\n              \u001b[36m>\u001b[39m\n                \u001b[36m<path\u001b[39m\n                  \u001b[33md\u001b[39m=\u001b[32m\"M5 12h14\"\u001b[39m\n                \u001b[36m/>\u001b[39m\n                \u001b[36m<path\u001b[39m\n                  \u001b[33md\u001b[39m=\u001b[32m\"M12 5v14\"\u001b[39m\n                \u001b[36m/>\u001b[39m\n              \u001b[36m</svg>\u001b[39m\n              \u001b[0m Add Subject\u001b[0m\n            \u001b[36m</button>\u001b[39m\n          \u001b[36m</form>\u001b[39m\n        \u001b[36m</div>\u001b[39m\n      \u001b[36m</div>\u001b[39m\n    \u001b[36m</div>\u001b[39m\n  \u001b[36m</div>\u001b[39m\n\u001b[36m</body>\u001b[39m\n    at Object.getElementError (/Users/leonardo.piedade/Personal/Github/study-tracker/client/node_modules/@testing-library/dom/dist/config.js:37:19)\n    at /Users/leonardo.piedade/Personal/Github/study-tracker/client/node_modules/@testing-library/dom/dist/query-helpers.js:76:38\n    at /Users/leonardo.piedade/Personal/Github/study-tracker/client/node_modules/@testing-library/dom/dist/query-helpers.js:52:17\n    at /Users/leonardo.piedade/Personal/Github/study-tracker/client/node_modules/@testing-library/dom/dist/query-helpers.js:95:19\n    at /Users/leonardo.piedade/Personal/Github/study-tracker/client/src/pages/Subjects.test.tsx:120:34\n    at file:///Users/leonardo.piedade/Personal/Github/study-tracker/client/node_modules/@vitest/runner/dist/index.js:915:20"],"meta":{}},{"ancestorTitles":["Subjects"],"fullName":"Subjects deletes a subject","status":"failed","title":"deletes a subject","duration":1003.744792,"failureMessages":["Error: Found multiple elements with the text: To Delete\n\nHere are the matching elements:\n\nIgnored nodes: comments, script, style\n\u001b[36m<h3\u001b[39m\n  \u001b[33mclass\u001b[39m=\u001b[32m\"font-medium text-gray-900 truncate\"\u001b[39m\n\u001b[36m>\u001b[39m\n  \u001b[0mTo Delete\u001b[0m\n\u001b[36m</h3>\u001b[39m\n\nIgnored nodes: comments, script, style\n\u001b[36m<h3\u001b[39m\n  \u001b[33mclass\u001b[39m=\u001b[32m\"font-medium text-gray-900 truncate\"\u001b[39m\n\u001b[36m>\u001b[39m\n  \u001b[0mTo Delete\u001b[0m\n\u001b[36m</h3>\u001b[39m\n\n(If this is intentional, then use the `*AllBy*` variant of the query (like `queryAllByText`, `getAllByText`, or `findAllByText`)).\n\nIgnored nodes: comments, script, style\n\u001b[36m<body>\u001b[39m\n  \u001b[36m<div>\u001b[39m\n    \u001b[36m<div\u001b[39m\n      \u001b[33mclass\u001b[39m=\u001b[32m\"space-y-8\"\u001b[39m\n    \u001b[36m>\u001b[39m\n      \u001b[36m<h2\u001b[39m\n        \u001b[33mclass\u001b[39m=\u001b[32m\"text-3xl font-bold text-gray-900\"\u001b[39m\n      \u001b[36m>\u001b[39m\n        \u001b[0mManage Subjects\u001b[0m\n      \u001b[36m</h2>\u001b[39m\n      \u001b[36m<div\u001b[39m\n        \u001b[33mclass\u001b[39m=\u001b[32m\"grid grid-cols-1 lg:grid-cols-3 gap-8\"\u001b[39m\n      \u001b[36m>\u001b[39m\n        \u001b[36m<div\u001b[39m\n          \u001b[33mclass\u001b[39m=\u001b[32m\"lg:col-span-2 space-y-4\"\u001b[39m\n        \u001b[36m>\u001b[39m\n          \u001b[36m<div\u001b[39m\n            \u001b[33mclass\u001b[39m=\u001b[32m\"bg-white rounded-xl shadow-sm border border-gray-200 overflow-hidden\"\u001b[39m\n          \u001b[36m>\u001b[39m\n            \u001b[36m<div\u001b[39m\n              \u001b[33mclass\u001b[39m=\u001b[32m\"divide-y divide-gray-200\"\u001b[39m\n            \u001b[36m>\u001b[39m\n              \u001b[36m<div\u001b[39m\n                \u001b[33mclass\u001b[39m=\u001b[32m\"p-6 flex items-center justify-between hover:bg-gray-50\"\u001b[39m\n              \u001b[36m>\u001b[39m\n                \u001b[36m<div\u001b[39m\n                  \u001b[33mclass\u001b[39m=\u001b[32m\"flex items-center gap-4 flex-1\"\u001b[39m\n                \u001b[36m>\u001b[39m\n                  \u001b[36m<div\u001b[39m\n                    \u001b[33mclass\u001b[39m=\u001b[32m\"w-4 h-4 rounded-full flex-shrink-0\"\u001b[39m\n                    \u001b[33mstyle\u001b[39m=\u001b[32m\"background-color: rgb(255, 0, 0);\"\u001b[39m\n                  \u001b[36m/>\u001b[39m\n                  \u001b[36m<div\u001b[39m\n                    \u001b[33mclass\u001b[39m=\u001b[32m\"flex-1 min-w-0\"\u001b[39m\n                  \u001b[36m>\u001b[39m\n                    \u001b[36m<h3\u001b[39m\n                      \u001b[33mclass\u001b[39m=\u001b[32m\"font-medium text-gray-900 truncate\"\u001b[39m\n                    \u001b[36m>\u001b[39m\n                      \u001b[0mTo Delete\u001b[0m\n                    \u001b[36m</h3>\u001b[39m\n                    \u001b[36m<h3\u001b[39m\n                      \u001b[33mclass\u001b[39m=\u001b[32m\"font-medium text-gray-900 truncate\"\u001b[39m\n                    \u001b[36m>\u001b[39m\n                      \u001b[0mTo Delete\u001b[0m\n                    \u001b[36m</h3>\u001b[39m\n                    \u001b[36m<p\u001b[39m\n                      \u001b[33mclass\u001b[39m=\u001b[32m\"text-sm text-gray-500 truncate\"\u001b[39m\n                    \u001b[36m>\u001b[39m\n                      \u001b[0mNo description\u001b[0m\n                    \u001b[36m</p>\u001b[39m\n                  \u001b[36m</div>\u001b[39m\n                \u001b[36m</div>\u001b[39m\n                \u001b[36m<div\u001b[39m\n                  \u001b[33mclass\u001b[39m=\u001b[32m\"flex gap-3 ml-4\"\u001b[39m\n                \u001b[36m>\u001b[39m\n                  \u001b[36m<button\u001b[39m\n                    \u001b[33mclass\u001b[39m=\u001b[32m\"text-gray-400 hover:text-indigo-600\"\u001b[39m\n                  \u001b[36m>\u001b[39m\n                    \u001b[36m<svg\u001b[39m\n                      \u001b[33maria-hidden\u001b[39m=\u001b[32m\"true\"\u001b[39m\n                      \u001b[33mclass\u001b[39m=\u001b[32m\"lucide lucide-pen w-5 h-5\"\u001b[39m\n                      \u001b[33mfill\u001b[39m=\u001b[32m\"none\"\u001b[39m\n                      \u001b[33mheight\u001b[39m=\u001b[32m\"24\"\u001b[39m\n                      \u001b[33mstroke\u001b[39m=\u001b[32m\"currentColor\"\u001b[39m\n                      \u001b[33mstroke-linecap\u001b[39m=\u001b[32m\"round\"\u001b[39m\n                      \u001b[33mstroke-linejoin\u001b[39m=\u001b[32m\"round\"\u001b[39m\n                      \u001b[33mstroke-width\u001b[39m=\u001b[32m\"2\"\u001b[39m\n                      \u001b[33mviewBox\u001b[39m=\u001b[32m\"0 0 24 24\"\u001b[39m\n                      \u001b[33mwidth\u001b[39m=\u001b[32m\"24\"\u001b[39m\n                      \u001b[33mxmlns\u001b[39m=\u001b[32m\"http://www.w3.org/2000/svg\"\u001b[39m\n                    \u001b[36m>\u001b[39m\n                      \u001b[36m<path\u001b[39m\n                        \u001b[33md\u001b[39m=\u001b[32m\"M21.174 6.812a1 1 0 0 0-3.986-3.987L3.842 16.174a2 2 0 0 0-.5.83l-1.321 4.352a.5.5 0 0 0 .623.622l4.353-1.32a2 2 0 0 0 .83-.497z\"\u001b[39m\n                      \u001b[36m/>\u001b[39m\n                    \u001b[36m</svg>\u001b[39m\n                  \u001b[36m</button>\u001b[39m\n                  \u001b[36m<button\u001b[39m\n                    \u001b[33mclass\u001b[39m=\u001b[32m\"text-gray-400 hover:text-red-500\"\u001b[39m\n                  \u001b[36m>\u001b[39m\n                    \u001b[36m<svg\u001b[39m\n                      \u001b[33maria-hidden\u001b[39m=\u001b[32m\"true\"\u001b[39m\n                      \u001b[33mclass\u001b[39m=\u001b[32m\"lucide lucide-trash2 lucide-trash-2 w-5 h-5\"\u001b[39m\n                      \u001b[33mfill\u001b[39m=\u001b[32m\"none\"\u001b[39m\n                      \u001b[33mheight\u001b[39m=\u001b[32m\"24\"\u001b[39m\n                      \u001b[33mstroke\u001b[39m=\u001b[32m\"currentColor\"\u001b[39m\n                      \u001b[33mstroke-linecap\u001b[39m=\u001b[32m\"round\"\u001b[39m\n                      \u001b[33mstroke-linejoin\u001b[39m=\u001b[32m\"round\"\u001b[39m\n                      \u001b[33mstroke-width\u001b[39m=\u001b[32m\"2\"\u001b[39m\n                      \u001b[33mviewBox\u001b[39m=\u001b[32m\"0 0 24 24\"\u001b[39m\n                      \u001b[33mwidth\u001b[39m=\u001b[32m\"24\"\u001b[39m\n                      \u001b[33mxmlns\u001b[39m=\u001b[32m\"http://www.w3.org/2000/svg\"\u001b[39m\n                    \u001b[36m>\u001b[39m\n                      \u001b[36m<path\u001b[39m\n                        \u001b[33md\u001b[39m=\u001b[32m\"M10 11v6\"\u001b[39m\n                      \u001b[36m/>\u001b[39m\n                      \u001b[36m<path\u001b[39m\n                        \u001b[33md\u001b[39m=\u001b[32m\"M14 11v6\"\u001b[39m\n                      \u001b[36m/>\u001b[39m\n                      \u001b[36m<path\u001b[39m\n                        \u001b[33md\u001b[39m=\u001b[32m\"M19 6v14a2 2 0 0 1-2 2H7a2 2 0 0 1-2-2V6\"\u001b[39m\n                      \u001b[36m/>\u001b[39m\n                      \u001b[36m<path\u001b[39m\n                        \u001b[33md\u001b[39m=\u001b[32m\"M3 6h18\"\u001b[39m\n                      \u001b[36m/>\u001b[39m\n                      \u001b[36m<path\u001b[39m\n                        \u001b[33md\u001b[39m=\u001b[32m\"M8 6V4a2 2 0 0 1 2-2h4a2 2 0 0 1 2 2v2\"\u001b[39m\n                      \u001b[36m/>\u001b[39m\n                    \u001b[36m</svg>\u001b[39m\n                  \u001b[36m</button>\u001b[39m\n                \u001b[36m</div>\u001b[39m\n              \u001b[36m</div>\u001b[39m\n            \u001b[36m</div>\u001b[39m\n          \u001b[36m</div>\u001b[39m\n        \u001b[36m</div>\u001b[39m\n        \u001b[36m<div\u001b[39m\n          \u001b[33mclass\u001b[39m=\u001b[32m\"bg-white rounded-xl shadow-sm border border-gray-200 p-6 h-fit\"\u001b[39m\n        \u001b[36m>\u001b[39m\n          \u001b[36m<h3\u001b[39m\n            \u001b[33mclass\u001b[39m=\u001b[32m\"text-lg font-semibold text-gray-900 mb-4\"\u001b[39m\n          \u001b[36m>\u001b[39m\n            \u001b[0mAdd New Subject\u001b[0m\n          \u001b[36m</h3>\u001b[39m\n          \u001b[36m<form\u001b[39m\n            \u001b[33mclass\u001b[39m=\u001b[32m\"space-y-4\"\u001b[39m\n          \u001b[36m>\u001b[39m\n            \u001b[36m<div>\u001b[39m\n              \u001b[36m<label\u001b[39m\n                \u001b[33mclass\u001b[39m=\u001b[32m\"block text-sm font-medium text-gray-700 mb-1\"\u001b[39m\n              \u001b[36m>\u001b[39m\n                \u001b[0mName\u001b[0m\n              \u001b[36m</label>\u001b[39m\n              \u001b[36m<input\u001b[39m\n                \u001b[33mclass\u001b[39m=\u001b[32m\"w-full rounded-lg border-gray-300\"\u001b[39m\n                \u001b[33mrequired\u001b[39m=\u001b[32m\"\"\u001b[39m\n                \u001b[33mtype\u001b[39m=\u001b[32m\"text\"\u001b[39m\n                \u001b[33mvalue\u001b[39m=\u001b[32m\"\"\u001b[39m\n              \u001b[36m/>\u001b[39m\n            \u001b[36m</div>\u001b[39m\n            \u001b[36m<div>\u001b[39m\n              \u001b[36m<label\u001b[39m\n                \u001b[33mclass\u001b[39m=\u001b[32m\"block text-sm font-medium text-gray-700 mb-1\"\u001b[39m\n              \u001b[36m>\u001b[39m\n                \u001b[0mDescription\u001b[0m\n              \u001b[36m</label>\u001b[39m\n              \u001b[36m<input\u001b[39m\n                \u001b[33mclass\u001b[39m=\u001b[32m\"w-full rounded-lg border-gray-300\"\u001b[39m\n                \u001b[33mtype\u001b[39m=\u001b[32m\"text\"\u001b[39m\n                \u001b[33mvalue\u001b[39m=\u001b[32m\"\"\u001b[39m\n              \u001b[36m/>\u001b[39m\n            \u001b[36m</div>\u001b[39m\n            \u001b[36m<div>\u001b[39m\n              \u001b[36m<label\u001b[39m\n                \u001b[33mclass\u001b[39m=\u001b[32m\"block text-sm font-medium text-gray-700 mb-1\"\u001b[39m\n              \u001b[36m>\u001b[39m\n                \u001b[0mCourse\u001b[0m\n              \u001b[36m</label>\u001b[39m\n              \u001b[36m<select\u001b[39m\n                \u001b[33mclass\u001b[39m=\u001b[32m\"w-full rounded-lg border-gray-300\"\u001b[39m\n              \u001b[36m>\u001b[39m\n                \u001b[36m<option\u001b[39m\n                  \u001b[33mvalue\u001b[39m=\u001b[32m\"\"\u001b[39m\n                \u001b[36m>\u001b[39m\n                  \u001b[0mSelect a Course (Optional)\u001b[0m\n                \u001b[36m</option>\u001b[39m\n              \u001b[36m</select>\u001b[39m\n            \u001b[36m</div>\u001b[39m\n            \u001b[36m<div>\u001b[39m\n              \u001b[36m<label\u001b[39m\n                \u001b[33mclass\u001b[39m=\u001b[32m\"block text-sm font-medium text-gray-700 mb-1\"\u001b[39m\n              \u001b[36m>\u001b[39m\n                \u001b[0mColor\u001b[0m\n              \u001b[36m</label>\u001b[39m\n              \u001b[36m<input\u001b[39m\n                \u001b[33mclass\u001b[39m=\u001b[32m\"w-full h-10 rounded-lg p-1\"\u001b[39m\n                \u001b[33mtype\u001b[39m=\u001b[32m\"color\"\u001b[39m\n                \u001b[33mvalue\u001b[39m=\u001b[32m\"#4f46e5\"\u001b[39m\n              \u001b[36m/>\u001b[39m\n            \u001b[36m</div>\u001b[39m\n            \u001b[36m<button\u001b[39m\n              \u001b[33mclass\u001b[39m=\u001b[32m\"w-full bg-indigo-600 text-white py-2 rounded-lg hover:bg-indigo-700 flex items-center justify-center gap-2\"\u001b[39m\n              \u001b[33mtype\u001b[39m=\u001b[32m\"submit\"\u001b[39m\n            \u001b[36m>\u001b[39m\n              \u001b[36m<svg\u001b[39m\n                \u001b[33maria-hidden\u001b[39m=\u001b[32m\"true\"\u001b[39m\n                \u001b[33mclass\u001b[39m=\u001b[32m\"lucide lucide-plus w-4 h-4\"\u001b[39m\n                \u001b[33mfill\u001b[39m=\u001b[32m\"none\"\u001b[39m\n                \u001b[33mheight\u001b[39m=\u001b[32m\"24\"\u001b[39m\n                \u001b[33mstroke\u001b[39m=\u001b[32m\"currentColor\"\u001b[39m\n                \u001b[33mstroke-linecap\u001b[39m=\u001b[32m\"round\"\u001b[39m\n                \u001b[33mstroke-linejoin\u001b[39m=\u001b[32m\"round\"\u001b[39m\n                \u001b[33mstroke-width\u001b[39m=\u001b[32m\"2\"\u001b[39m\n                \u001b[33mviewBox\u001b[39m=\u001b[32m\"0 0 24 24\"\u001b[39m\n                \u001b[33mwidth\u001b[39m=\u001b[32m\"24\"\u001b[39m\n                \u001b[33mxmlns\u001b[39m=\u001b[32m\"http://www.w3.org/2000/svg\"\u001b[39m\n              \u001b[36m>\u001b[39m\n                \u001b[36m<path\u001b[39m\n                  \u001b[33md\u001b[39m=\u001b[32m\"M5 12h14\"\u001b[39m\n                \u001b[36m/>\u001b[39m\n                \u001b[36m<path\u001b[39m\n                  \u001b[33md\u001b[39m=\u001b[32m\"M12 5v14\"\u001b[39m\n                \u001b[36m/>\u001b[39m\n              \u001b[36m</svg>\u001b[39m\n              \u001b[0m Add Subject\u001b[0m\n            \u001b[36m</button>\u001b[39m\n          \u001b[36m</form>\u001b[39m\n        \u001b[36m</div>\u001b[39m\n      \u001b[36m</div>\u001b[39m\n    \u001b[36m</div>\u001b[39m\n  \u001b[36m</div>\u001b[39m\n\u001b[36m</body>\u001b[39m\n    at Proxy.waitForWrapper (/Users/leonardo.piedade/Personal/Github/study-tracker/client/node_modules/@testing-library/dom/dist/wait-for.js:163:27)\n    at /Users/leonardo.piedade/Personal/Github/study-tracker/client/src/pages/Subjects.test.tsx:133:15\n    at file:///Users/leonardo.piedade/Personal/Github/study-tracker/client/node_modules/@vitest/runner/dist/index.js:145:11\n    at file:///Users/leonardo.piedade/Personal/Github/study-tracker/client/node_modules/@vitest/runner/dist/index.js:915:26\n    at file:///Users/leonardo.piedade/Personal/Github/study-tracker/client/node_modules/@vitest/runner/dist/index.js:1243:20\n    at new Promise (<anonymous>)\n    at runWithTimeout (file:///Users/leonardo.piedade/Personal/Github/study-tracker/client/node_modules/@vitest/runner/dist/index.js:1209:10)\n    at file:///Users/leonardo.piedade/Personal/Github/study-tracker/client/node_modules/@vitest/runner/dist/index.js:1653:37\n    at Traces.$ (file:///Users/leonardo.piedade/Personal/Github/study-tracker/client/node_modules/vitest/dist/chunks/traces.CCmnQaNT.js:142:27)\n    at trace (file:///Users/leonardo.piedade/Personal/Github/study-tracker/client/node_modules/vitest/dist/chunks/test.B8ej_ZHS.js:239:21)"],"meta":{}},{"ancestorTitles":["Subjects"],"fullName":"Subjects shows alert on delete error","status":"failed","title":"shows alert on delete error","duration":1003.3071249999994,"failureMessages":["Error: Found multiple elements with the text: Fail Del\n\nHere are the matching elements:\n\nIgnored nodes: comments, script, style\n\u001b[36m<h3\u001b[39m\n  \u001b[33mclass\u001b[39m=\u001b[32m\"font-medium text-gray-900 truncate\"\u001b[39m\n\u001b[36m>\u001b[39m\n  \u001b[0mFail Del\u001b[0m\n\u001b[36m</h3>\u001b[39m\n\nIgnored nodes: comments, script, style\n\u001b[36m<h3\u001b[39m\n  \u001b[33mclass\u001b[39m=\u001b[32m\"font-medium text-gray-900 truncate\"\u001b[39m\n\u001b[36m>\u001b[39m\n  \u001b[0mFail Del\u001b[0m\n\u001b[36m</h3>\u001b[39m\n\n(If this is intentional, then use the `*AllBy*` variant of the query (like `queryAllByText`, `getAllByText`, or `findAllByText`)).\n\nIgnored nodes: comments, script, style\n\u001b[36m<body>\u001b[39m\n  \u001b[36m<div>\u001b[39m\n    \u001b[36m<div\u001b[39m\n      \u001b[33mclass\u001b[39m=\u001b[32m\"space-y-8\"\u001b[39m\n    \u001b[36m>\u001b[39m\n      \u001b[36m<h2\u001b[39m\n        \u001b[33mclass\u001b[39m=\u001b[32m\"text-3xl font-bold text-gray-900\"\u001b[39m\n      \u001b[36m>\u001b[39m\n        \u001b[0mManage Subjects\u001b[0m\n      \u001b[36m</h2>\u001b[39m\n      \u001b[36m<div\u001b[39m\n        \u001b[33mclass\u001b[39m=\u001b[32m\"grid grid-cols-1 lg:grid-cols-3 gap-8\"\u001b[39m\n      \u001b[36m>\u001b[39m\n        \u001b[36m<div\u001b[39m\n          \u001b[33mclass\u001b[39m=\u001b[32m\"lg:col-span-2 space-y-4\"\u001b[39m\n        \u001b[36m>\u001b[39m\n          \u001b[36m<div\u001b[39m\n            \u001b[33mclass\u001b[39m=\u001b[32m\"bg-white rounded-xl shadow-sm border border-gray-200 overflow-hidden\"\u001b[39m\n          \u001b[36m>\u001b[39m\n            \u001b[36m<div\u001b[39m\n              \u001b[33mclass\u001b[39m=\u001b[32m\"divide-y divide-gray-200\"\u001b[39m\n            \u001b[36m>\u001b[39m\n              \u001b[36m<div\u001b[39m\n                \u001b[33mclass\u001b[39m=\u001b[32m\"p-6 flex items-center justify-between hover:bg-gray-50\"\u001b[39m\n              \u001b[36m>\u001b[39m\n                \u001b[36m<div\u001b[39m\n                  \u001b[33mclass\u001b[39m=\u001b[32m\"flex items-center gap-4 flex-1\"\u001b[39m\n                \u001b[36m>\u001b[39m\n                  \u001b[36m<div\u001b[39m\n                    \u001b[33mclass\u001b[39m=\u001b[32m\"w-4 h-4 rounded-full flex-shrink-0\"\u001b[39m\n                    \u001b[33mstyle\u001b[39m=\u001b[32m\"background-color: rgb(255, 0, 0);\"\u001b[39m\n                  \u001b[36m/>\u001b[39m\n                  \u001b[36m<div\u001b[39m\n                    \u001b[33mclass\u001b[39m=\u001b[32m\"flex-1 min-w-0\"\u001b[39m\n                  \u001b[36m>\u001b[39m\n                    \u001b[36m<h3\u001b[39m\n                      \u001b[33mclass\u001b[39m=\u001b[32m\"font-medium text-gray-900 truncate\"\u001b[39m\n                    \u001b[36m>\u001b[39m\n                      \u001b[0mFail Del\u001b[0m\n                    \u001b[36m</h3>\u001b[39m\n                    \u001b[36m<h3\u001b[39m\n                      \u001b[33mclass\u001b[39m=\u001b[32m\"font-medium text-gray-900 truncate\"\u001b[39m\n                    \u001b[36m>\u001b[39m\n                      \u001b[0mFail Del\u001b[0m\n                    \u001b[36m</h3>\u001b[39m\n                    \u001b[36m<p\u001b[39m\n                      \u001b[33mclass\u001b[39m=\u001b[32m\"text-sm text-gray-500 truncate\"\u001b[39m\n                    \u001b[36m>\u001b[39m\n                      \u001b[0mNo description\u001b[0m\n                    \u001b[36m</p>\u001b[39m\n                  \u001b[36m</div>\u001b[39m\n                \u001b[36m</div>\u001b[39m\n                \u001b[36m<div\u001b[39m\n                  \u001b[33mclass\u001b[39m=\u001b[32m\"flex gap-3 ml-4\"\u001b[39m\n                \u001b[36m>\u001b[39m\n                  \u001b[36m<button\u001b[39m\n                    \u001b[33mclass\u001b[39m=\u001b[32m\"text-gray-400 hover:text-indigo-600\"\u001b[39m\n                  \u001b[36m>\u001b[39m\n                    \u001b[36m<svg\u001b[39m\n                      \u001b[33maria-hidden\u001b[39m=\u001b[32m\"true\"\u001b[39m\n                      \u001b[33mclass\u001b[39m=\u001b[32m\"lucide lucide-pen w-5 h-5\"\u001b[39m\n                      \u001b[33mfill\u001b[39m=\u001b[32m\"none\"\u001b[39m\n                      \u001b[33mheight\u001b[39m=\u001b[32m\"24\"\u001b[39m\n                      \u001b[33mstroke\u001b[39m=\u001b[32m\"currentColor\"\u001b[39m\n                      \u001b[33mstroke-linecap\u001b[39m=\u001b[32m\"round\"\u001b[39m\n                      \u001b[33mstroke-linejoin\u001b[39m=\u001b[32m\"round\"\u001b[39m\n                      \u001b[33mstroke-width\u001b[39m=\u001b[32m\"2\"\u001b[39m\n                      \u001b[33mviewBox\u001b[39m=\u001b[32m\"0 0 24 24\"\u001b[39m\n                      \u001b[33mwidth\u001b[39m=\u001b[32m\"24\"\u001b[39m\n                      \u001b[33mxmlns\u001b[39m=\u001b[32m\"http://www.w3.org/2000/svg\"\u001b[39m\n                    \u001b[36m>\u001b[39m\n                      \u001b[36m<path\u001b[39m\n                        \u001b[33md\u001b[39m=\u001b[32m\"M21.174 6.812a1 1 0 0 0-3.986-3.987L3.842 16.174a2 2 0 0 0-.5.83l-1.321 4.352a.5.5 0 0 0 .623.622l4.353-1.32a2 2 0 0 0 .83-.497z\"\u001b[39m\n                      \u001b[36m/>\u001b[39m\n                    \u001b[36m</svg>\u001b[39m\n                  \u001b[36m</button>\u001b[39m\n                  \u001b[36m<button\u001b[39m\n                    \u001b[33mclass\u001b[39m=\u001b[32m\"text-gray-400 hover:text-red-500\"\u001b[39m\n                  \u001b[36m>\u001b[39m\n                    \u001b[36m<svg\u001b[39m\n                      \u001b[33maria-hidden\u001b[39m=\u001b[32m\"true\"\u001b[39m\n                      \u001b[33mclass\u001b[39m=\u001b[32m\"lucide lucide-trash2 lucide-trash-2 w-5 h-5\"\u001b[39m\n                      \u001b[33mfill\u001b[39m=\u001b[32m\"none\"\u001b[39m\n                      \u001b[33mheight\u001b[39m=\u001b[32m\"24\"\u001b[39m\n                      \u001b[33mstroke\u001b[39m=\u001b[32m\"currentColor\"\u001b[39m\n                      \u001b[33mstroke-linecap\u001b[39m=\u001b[32m\"round\"\u001b[39m\n                      \u001b[33mstroke-linejoin\u001b[39m=\u001b[32m\"round\"\u001b[39m\n                      \u001b[33mstroke-width\u001b[39m=\u001b[32m\"2\"\u001b[39m\n                      \u001b[33mviewBox\u001b[39m=\u001b[32m\"0 0 24 24\"\u001b[39m\n                      \u001b[33mwidth\u001b[39m=\u001b[32m\"24\"\u001b[39m\n                      \u001b[33mxmlns\u001b[39m=\u001b[32m\"http://www.w3.org/2000/svg\"\u001b[39m\n                    \u001b[36m>\u001b[39m\n                      \u001b[36m<path\u001b[39m\n                        \u001b[33md\u001b[39m=\u001b[32m\"M10 11v6\"\u001b[39m\n                      \u001b[36m/>\u001b[39m\n                      \u001b[36m<path\u001b[39m\n                        \u001b[33md\u001b[39m=\u001b[32m\"M14 11v6\"\u001b[39m\n                      \u001b[36m/>\u001b[39m\n                      \u001b[36m<path\u001b[39m\n                        \u001b[33md\u001b[39m=\u001b[32m\"M19 6v14a2 2 0 0 1-2 2H7a2 2 0 0 1-2-2V6\"\u001b[39m\n                      \u001b[36m/>\u001b[39m\n                      \u001b[36m<path\u001b[39m\n                        \u001b[33md\u001b[39m=\u001b[32m\"M3 6h18\"\u001b[39m\n                      \u001b[36m/>\u001b[39m\n                      \u001b[36m<path\u001b[39m\n                        \u001b[33md\u001b[39m=\u001b[32m\"M8 6V4a2 2 0 0 1 2-2h4a2 2 0 0 1 2 2v2\"\u001b[39m\n                      \u001b[36m/>\u001b[39m\n                    \u001b[36m</svg>\u001b[39m\n                  \u001b[36m</button>\u001b[39m\n                \u001b[36m</div>\u001b[39m\n              \u001b[36m</div>\u001b[39m\n            \u001b[36m</div>\u001b[39m\n          \u001b[36m</div>\u001b[39m\n        \u001b[36m</div>\u001b[39m\n        \u001b[36m<div\u001b[39m\n          \u001b[33mclass\u001b[39m=\u001b[32m\"bg-white rounded-xl shadow-sm border border-gray-200 p-6 h-fit\"\u001b[39m\n        \u001b[36m>\u001b[39m\n          \u001b[36m<h3\u001b[39m\n            \u001b[33mclass\u001b[39m=\u001b[32m\"text-lg font-semibold text-gray-900 mb-4\"\u001b[39m\n          \u001b[36m>\u001b[39m\n            \u001b[0mAdd New Subject\u001b[0m\n          \u001b[36m</h3>\u001b[39m\n          \u001b[36m<form\u001b[39m\n            \u001b[33mclass\u001b[39m=\u001b[32m\"space-y-4\"\u001b[39m\n          \u001b[36m>\u001b[39m\n            \u001b[36m<div>\u001b[39m\n              \u001b[36m<label\u001b[39m\n                \u001b[33mclass\u001b[39m=\u001b[32m\"block text-sm font-medium text-gray-700 mb-1\"\u001b[39m\n              \u001b[36m>\u001b[39m\n                \u001b[0mName\u001b[0m\n              \u001b[36m</label>\u001b[39m\n              \u001b[36m<input\u001b[39m\n                \u001b[33mclass\u001b[39m=\u001b[32m\"w-full rounded-lg border-gray-300\"\u001b[39m\n                \u001b[33mrequired\u001b[39m=\u001b[32m\"\"\u001b[39m\n                \u001b[33mtype\u001b[39m=\u001b[32m\"text\"\u001b[39m\n                \u001b[33mvalue\u001b[39m=\u001b[32m\"\"\u001b[39m\n              \u001b[36m/>\u001b[39m\n            \u001b[36m</div>\u001b[39m\n            \u001b[36m<div>\u001b[39m\n              \u001b[36m<label\u001b[39m\n                \u001b[33mclass\u001b[39m=\u001b[32m\"block text-sm font-medium text-gray-700 mb-1\"\u001b[39m\n              \u001b[36m>\u001b[39m\n                \u001b[0mDescription\u001b[0m\n              \u001b[36m</label>\u001b[39m\n              \u001b[36m<input\u001b[39m\n                \u001b[33mclass\u001b[39m=\u001b[32m\"w-full rounded-lg border-gray-300\"\u001b[39m\n                \u001b[33mtype\u001b[39m=\u001b[32m\"text\"\u001b[39m\n                \u001b[33mvalue\u001b[39m=\u001b[32m\"\"\u001b[39m\n              \u001b[36m/>\u001b[39m\n            \u001b[36m</div>\u001b[39m\n            \u001b[36m<div>\u001b[39m\n              \u001b[36m<label\u001b[39m\n                \u001b[33mclass\u001b[39m=\u001b[32m\"block text-sm font-medium text-gray-700 mb-1\"\u001b[39m\n              \u001b[36m>\u001b[39m\n                \u001b[0mCourse\u001b[0m\n              \u001b[36m</label>\u001b[39m\n              \u001b[36m<select\u001b[39m\n                \u001b[33mclass\u001b[39m=\u001b[32m\"w-full rounded-lg border-gray-300\"\u001b[39m\n              \u001b[36m>\u001b[39m\n                \u001b[36m<option\u001b[39m\n                  \u001b[33mvalue\u001b[39m=\u001b[32m\"\"\u001b[39m\n                \u001b[36m>\u001b[39m\n                  \u001b[0mSelect a Course (Optional)\u001b[0m\n                \u001b[36m</option>\u001b[39m\n              \u001b[36m</select>\u001b[39m\n            \u001b[36m</div>\u001b[39m\n            \u001b[36m<div>\u001b[39m\n              \u001b[36m<label\u001b[39m\n                \u001b[33mclass\u001b[39m=\u001b[32m\"block text-sm font-medium text-gray-700 mb-1\"\u001b[39m\n              \u001b[36m>\u001b[39m\n                \u001b[0mColor\u001b[0m\n              \u001b[36m</label>\u001b[39m\n              \u001b[36m<input\u001b[39m\n                \u001b[33mclass\u001b[39m=\u001b[32m\"w-full h-10 rounded-lg p-1\"\u001b[39m\n                \u001b[33mtype\u001b[39m=\u001b[32m\"color\"\u001b[39m\n                \u001b[33mvalue\u001b[39m=\u001b[32m\"#4f46e5\"\u001b[39m\n              \u001b[36m/>\u001b[39m\n            \u001b[36m</div>\u001b[39m\n            \u001b[36m<button\u001b[39m\n              \u00
[...]
umn":26},"end":{"line":141,"column":33}},"loc":{"start":{"line":141,"column":48},"end":{"line":147,"column":null}},"line":141},"13":{"name":"(anonymous_13)","decl":{"start":{"line":158,"column":33},"end":{"line":158,"column":39}},"loc":{"start":{"line":158,"column":39},"end":{"line":158,"column":null}},"line":158},"14":{"name":"(anonymous_14)","decl":{"start":{"line":164,"column":33},"end":{"line":164,"column":39}},"loc":{"start":{"line":164,"column":39},"end":{"line":164,"column":null}},"line":164},"15":{"name":"(anonymous_15)","decl":{"start":{"line":179,"column":45},"end":{"line":179,"column":null}},"loc":{"start":{"line":180,"column":36},"end":{"line":233,"column":null}},"line":180},"16":{"name":"(anonymous_16)","decl":{"start":{"line":182,"column":61},"end":{"line":182,"column":67}},"loc":{"start":{"line":182,"column":67},"end":{"line":182,"column":112}},"line":182},"17":{"name":"(anonymous_17)","decl":{"start":{"line":195,"column":102},"end":{"line":195,"column":107}},"loc":{"start":{"line":195,"column":107},"end":{"line":195,"column":120}},"line":195},"18":{"name":"(anonymous_18)","decl":{"start":{"line":196,"column":103},"end":{"line":196,"column":108}},"loc":{"start":{"line":196,"column":108},"end":{"line":196,"column":121}},"line":196},"19":{"name":"(anonymous_19)","decl":{"start":{"line":201,"column":108},"end":{"line":201,"column":113}},"loc":{"start":{"line":201,"column":113},"end":{"line":201,"column":126}},"line":201},"20":{"name":"(anonymous_20)","decl":{"start":{"line":205,"column":82},"end":{"line":205,"column":null}},"loc":{"start":{"line":206,"column":64},"end":{"line":218,"column":null}},"line":206},"21":{"name":"(anonymous_21)","decl":{"start":{"line":208,"column":77},"end":{"line":208,"column":83}},"loc":{"start":{"line":208,"column":83},"end":{"line":208,"column":null}},"line":208},"22":{"name":"(anonymous_22)","decl":{"start":{"line":226,"column":61},"end":{"line":226,"column":67}},"loc":{"start":{"line":226,"column":67},"end":{"line":226,"column":95}},"line":226},"23":{"name":"(anonymous_23)","decl":{"start":{"line":229,"column":61},"end":{"line":229,"column":67}},"loc":{"start":{"line":229,"column":67},"end":{"line":229,"column":97}},"line":229},"24":{"name":"(anonymous_24)","decl":{"start":{"line":241,"column":46},"end":{"line":241,"column":null}},"loc":{"start":{"line":242,"column":36},"end":{"line":265,"column":null}},"line":242},"25":{"name":"(anonymous_25)","decl":{"start":{"line":261,"column":61},"end":{"line":261,"column":67}},"loc":{"start":{"line":261,"column":67},"end":{"line":261,"column":94}},"line":261},"26":{"name":"(anonymous_26)","decl":{"start":{"line":292,"column":70},"end":{"line":292,"column":75}},"loc":{"start":{"line":292,"column":75},"end":{"line":292,"column":130}},"line":292},"27":{"name":"(anonymous_27)","decl":{"start":{"line":297,"column":74},"end":{"line":297,"column":79}},"loc":{"start":{"line":297,"column":79},"end":{"line":297,"column":null}},"line":297},"28":{"name":"(anonymous_28)","decl":{"start":{"line":299,"column":50},"end":{"line":299,"column":55}},"loc":{"start":{"line":299,"column":55},"end":{"line":299,"column":104}},"line":299},"29":{"name":"(anonymous_29)","decl":{"start":{"line":305,"column":76},"end":{"line":305,"column":81}},"loc":{"start":{"line":305,"column":81},"end":{"line":305,"column":142}},"line":305},"30":{"name":"(anonymous_30)","decl":{"start":{"line":311,"column":79},"end":{"line":311,"column":84}},"loc":{"start":{"line":311,"column":84},"end":{"line":311,"column":null}},"line":311},"31":{"name":"(anonymous_31)","decl":{"start":{"line":313,"column":55},"end":{"line":313,"column":60}},"loc":{"start":{"line":313,"column":60},"end":{"line":313,"column":109}},"line":313},"32":{"name":"(anonymous_32)","decl":{"start":{"line":326,"column":75},"end":{"line":326,"column":80}},"loc":{"start":{"line":326,"column":80},"end":{"line":326,"column":null}},"line":326},"33":{"name":"(anonymous_33)","decl":{"start":{"line":328,"column":50},"end":{"line":328,"column":55}},"loc":{"start":{"line":328,"column":55},"end":{"line":328,"column":104}},"line":328},"34":{"name":"(anonymous_34)","decl":{"start":{"line":334,"column":84},"end":{"line":334,"column":89}},"loc":{"start":{"line":334,"column":89},"end":{"line":334,"column":null}},"line":334},"35":{"name":"(anonymous_35)","decl":{"start":{"line":337,"column":48},"end":{"line":337,"column":53}},"loc":{"start":{"line":337,"column":53},"end":{"line":337,"column":105}},"line":337},"36":{"name":"(anonymous_36)","decl":{"start":{"line":338,"column":45},"end":{"line":338,"column":50}},"loc":{"start":{"line":338,"column":50},"end":{"line":338,"column":100}},"line":338},"37":{"name":"(anonymous_37)","decl":{"start":{"line":344,"column":71},"end":{"line":344,"column":76}},"loc":{"start":{"line":344,"column":76},"end":{"line":344,"column":133}},"line":344},"38":{"name":"(anonymous_38)","decl":{"start":{"line":350,"column":79},"end":{"line":350,"column":84}},"loc":{"start":{"line":350,"column":84},"end":{"line":350,"column":145}},"line":350},"39":{"name":"(anonymous_39)","decl":{"start":{"line":355,"column":77},"end":{"line":355,"column":82}},"loc":{"start":{"line":355,"column":82},"end":{"line":355,"column":141}},"line":355},"40":{"name":"(anonymous_40)","decl":{"start":{"line":360,"column":76},"end":{"line":360,"column":81}},"loc":{"start":{"line":360,"column":81},"end":{"line":360,"column":143}},"line":360},"41":{"name":"(anonymous_41)","decl":{"start":{"line":381,"column":45},"end":{"line":381,"column":51}},"loc":{"start":{"line":381,"column":51},"end":{"line":381,"column":null}},"line":381}},"branchMap":{"0":{"loc":{"start":{"line":65,"column":12},"end":{"line":70,"column":null}},"type":"if","locations":[{"start":{"line":65,"column":12},"end":{"line":70,"column":null}},{"start":{"line":68,"column":19},"end":{"line":70,"column":null}}],"line":65},"1":{"loc":{"start":{"line":86,"column":8},"end":{"line":86,"column":null}},"type":"if","locations":[{"start":{"line":86,"column":8},"end":{"line":86,"column":null}},{"start":{},"end":{}}],"line":86},"2":{"loc":{"start":{"line":89,"column":12},"end":{"line":91,"column":null}},"type":"if","locations":[{"start":{"line":89,"column":12},"end":{"line":91,"column":null}},{"start":{},"end":{}}],"line":89},"3":{"loc":{"start":{"line":142,"column":8},"end":{"line":142,"column":null}},"type":"if","locations":[{"start":{"line":142,"column":8},"end":{"line":142,"column":null}},{"start":{},"end":{}}],"line":142},"4":{"loc":{"start":{"line":149,"column":4},"end":{"line":149,"column":null}},"type":"if","locations":[{"start":{"line":149,"column":4},"end":{"line":149,"column":null}},{"start":{},"end":{}}],"line":149},"5":{"loc":{"start":{"line":159,"column":102},"end":{"line":159,"column":202}},"type":"cond-expr","locations":[{"start":{"line":159,"column":128},"end":{"line":159,"column":167}},{"start":{"line":159,"column":167},"end":{"line":159,"column":202}}],"line":159},"6":{"loc":{"start":{"line":165,"column":102},"end":{"line":165,"column":203}},"type":"cond-expr","locations":[{"start":{"line":165,"column":129},"end":{"line":165,"column":168}},{"start":{"line":165,"column":168},"end":{"line":165,"column":203}}],"line":165},"7":{"loc":{"start":{"line":175,"column":21},"end":{"line":268,"column":null}},"type":"cond-expr","locations":[{"start":{"line":176,"column":24},"end":{"line":236,"column":null}},{"start":{"line":238,"column":24},"end":{"line":268,"column":null}}],"line":175},"8":{"loc":{"start":{"line":178,"column":33},"end":{"line":178,"column":null}},"type":"binary-expr","locations":[{"start":{"line":178,"column":33},"end":{"line":178,"column":57}},{"start":{"line":178,"column":57},"end":{"line":178,"column":null}}],"line":178},"9":{"loc":{"start":{"line":182,"column":136},"end":{"line":182,"column":211}},"type":"cond-expr","locations":[{"start":{"line":182,"column":157},"end":{"line":182,"column":176}},{"start":{"line":182,"column":176},"end":{"line":182,"column":211}}],"line":182},"10":{"loc":{"start":{"line":186,"column":97},"end":{"line":186,"column":147}},"type":"binary-expr","locations":[{"start":{"line":186,"column":97},"end":{"line":186,"column":119}},{"start":{"line":186,"column":119},"end":{"line":186,"column":147}}],"line":186},"11":{"loc":{"start":{"line":189,"column":53},"end":{"line":189,"column":87}},"type":"binary-expr","locations":[{"start":{"line":189,"column":53},"end":{"line":189,"column":77}},{"start":{"line":189,"column":77},"end":{"line":189,"column":87}}],"line":189},"12":{"loc":{"start":{"line":192,"column":49},"end":{"line":221,"column":null}},"type":"binary-expr","locations":[{"start":{"line":192,"column":49},"end":{"line":192,"column":69}},{"start":{"line":192,"column":69},"end":{"line":192,"column":null}},{"start":{"line":193,"column":52},"end":{"line":221,"column":null}}],"line":192},"13":{"loc":{"start":{"line":213,"column":72},"end":{"line":213,"column":null}},"type":"cond-expr","locations":[{"start":{"line":213,"column":91},"end":{"line":213,"column":127}},{"start":{"line":213,"column":127},"end":{"line":213,"column":null}}],"line":213},"14":{"loc":{"start":{"line":215,"column":73},"end":{"line":215,"column":null}},"type":"binary-expr","locations":[{"start":{"line":215,"column":73},"end":{"line":215,"column":93}},{"start":{"line":215,"column":93},"end":{"line":215,"column":null}}],"line":215},"15":{"loc":{"start":{"line":217,"column":90},"end":{"line":217,"column":138}},"type":"binary-expr","locations":[{"start":{"line":217,"column":90},"end":{"line":217,"column":110}},{"start":{"line":217,"column":110},"end":{"line":217,"column":138}}],"line":217},"16":{"loc":{"start":{"line":240,"column":33},"end":{"line":240,"column":null}},"type":"binary-expr","locations":[{"start":{"line":240,"column":33},"end":{"line":240,"column":58}},{"start":{"line":240,"column":58},"end":{"line":240,"column":null}}],"line":240},"17":{"loc":{"start":{"line":244,"column":87},"end":{"line":244,"column":122}},"type":"binary-expr","locations":[{"start":{"line":244,"column":87},"end":{"line":244,"column":112}},{"start":{"line":244,"column":112},"end":{"line":244,"column":122}}],"line":244},"18":{"loc":{"start":{"line":250,"column":45},"end":{"line":254,"column":null}},"type":"binary-expr","locations":[{"start":{"line":250,"column":45},"end":{"line":250,"column":null}},{"start":{"line":251,"column":48},"end":{"line":254,"column":null}}],"line":250},"19":{"loc":{"start":{"line":258,"column":107},"end":{"line":258,"column":187}},"type":"cond-expr","locations":[{"start":{"line":258,"column":126},"end":{"line":258,"column":160}},{"start":{"line":258,"column":160},"end":{"line":258,"column":187}}],"line":258},"20":{"loc":{"start":{"line":259,"column":49},"end":{"line":259,"column":null}},"type":"cond-expr","locations":[{"start":{"line":259,"column":68},"end":{"line":259,"column":79}},{"start":{"line":259,"column":79},"end":{"line":259,"column":null}}],"line":259},"21":{"loc":{"start":{"line":276,"column":29},"end":{"line":278,"column":null}},"type":"cond-expr","locations":[{"start":{"line":277,"column":35},"end":{"line":277,"column":null}},{"start":{"line":278,"column":34},"end":{"line":278,"column":null}}],"line":276},"22":{"loc":{"start":{"line":277,"column":35},"end":{"line":277,"column":null}},"type":"cond-expr","locations":[{"start":{"line":277,"column":53},"end":{"line":277,"column":69}},{"start":{"line":277,"column":69},"end":{"line":277,"column":null}}],"line":277},"23":{"loc":{"start":{"line":280,"column":25},"end":{"line":283,"column":null}},"type":"binary-expr","locations":[{"start":{"line":280,"column":25},"end":{"line":280,"column":null}},{"start":{"line":281,"column":28},"end":{"line":283,"column":null}}],"line":280},"24":{"loc":{"start":{"line":287,"column":21},"end":{"line":366,"column":null}},"type":"cond-expr","locations":[{"start":{"line":288,"column":24},"end":{"line":320,"column":null}},{"start":{"line":322,"column":24},"end":{"line":366,"column":null}}],"line":287},"25":{"loc":{"start":{"line":307,"column":29},"end":{"line":315,"column":null}},"type":"binary-expr","locations":[{"start":{"line":307,"column":29},"end":{"line":307,"column":null}},{"start":{"line":308,"column":32},"end":{"line":315,"column":null}}],"line":307},"26":{"loc":{"start":{"line":318,"column":62},"end":{"line":318,"column":null}},"type":"cond-expr","locations":[{"start":{"line":318,"column":80},"end":{"line":318,"column":98}},{"start":{"line":318,"column":98},"end":{"line":318,"column":null}}],"line":318},"27":{"loc":{"start":{"line":334,"column":43},"end":{"line":334,"column":74}},"type":"binary-expr","locations":[{"start":{"line":334,"column":43},"end":{"line":334,"column":70}},{"start":{"line":334,"column":70},"end":{"line":334,"column":74}}],"line":334},"28":{"loc":{"start":{"line":334,"column":134},"end":{"line":334,"column":186}},"type":"cond-expr","locations":[{"start":{"line":334,"column":151},"end":{"line":334,"column":176}},{"start":{"line":334,"column":176},"end":{"line":334,"column":186}}],"line":334},"29":{"loc":{"start":{"line":374,"column":16},"end":{"line":394,"column":null}},"type":"binary-expr","locations":[{"start":{"line":374,"column":16},"end":{"line":374,"column":null}},{"start":{"line":375,"column":20},"end":{"line":394,"column":null}}],"line":374}},"s":{"0":90,"1":90,"2":90,"3":90,"4":90,"5":90,"6":90,"7":90,"8":90,"9":90,"10":90,"11":26,"12":26,"13":24,"14":24,"15":24,"16":24,"17":1,"18":25,"19":90,"20":21,"21":90,"22":1,"23":1,"24":1,"25":1,"26":0,"27":0,"28":1,"29":0,"30":0,"31":0,"32":1,"33":90,"34":2,"35":90,"36":1,"37":0,"38":1,"39":1,"40":1,"41":0,"42":1,"43":0,"44":1,"45":90,"46":1,"47":1,"48":1,"49":0,"50":90,"51":1,"52":1,"53":1,"54":90,"55":0,"56":0,"57":90,"58":2,"59":2,"60":2,"61":1,"62":1,"63":1,"64":90,"65":1,"66":1,"67":1,"68":0,"69":90,"70":1,"71":0,"72":1,"73":1,"74":1,"75":0,"76":90,"77":21,"78":69,"79":0,"80":8,"81":16,"82":1,"83":4,"84":4,"85":4,"86":4,"87":1,"88":1,"89":2,"90":5,"91":1,"92":14,"93":0,"94":20,"95":0,"96":0,"97":0,"98":1,"99":20,"100":0,"101":0,"102":0,"103":15,"104":0,"105":0,"106":0,"107":1},"f":{"0":90,"1":26,"2":21,"3":1,"4":0,"5":2,"6":1,"7":1,"8":1,"9":0,"10":2,"11":1,"12":1,"13":0,"14":8,"15":16,"16":1,"17":4,"18":4,"19":4,"20":4,"21":1,"22":1,"23":2,"24":5,"25":1,"26":14,"27":0,"28":20,"29":0,"30":0,"31":0,"32":1,"33":20,"34":0,"35":0,"36":0,"37":15,"38":0,"39":0,"40":0,"41":1},"b":{"0":[0,1],"1":[0,1],"2":[0,1],"3":[0,1],"4":[21,69],"5":[42,27],"6":[27,42],"7":[42,27],"8":[42,26],"9":[1,15],"10":[16,1],"11":[16,0],"12":[16,16,3],"13":[1,3],"14":[4,1],"15":[4,1],"16":[27,22],"17":[5,0],"18":[5,1],"19":[1,4],"20":[1,4],"21":[42,27],"22":[1,41],"23":[90,1],"24":[42,27],"25":[42,41],"26":[1,41],"27":[27,27],"28":[0,0],"29":[90,2]},"meta":{"lastBranch":30,"lastFunction":42,"lastStatement":108,"seen":{"f:9:24:9:34":0,"s:10:34:10:Infinity":0,"s:11:30:11:Infinity":1,"s:12:32:12:Infinity":2,"s:13:32:13:Infinity":3,"s:14:34:14:Infinity":4,"s:15:30:15:Infinity":5,"s:18:34:18:Infinity":6,"s:19:36:29:Infinity":7,"s:30:48:30:Infinity":8,"s:31:46:31:Infinity":9,"s:33:22:50:Infinity":10,"f:33:22:33:34":1,"s:34:8:49:Infinity":11,"s:35:73:40:Infinity":12,"s:41:12:41:Infinity":13,"s:42:12:42:Infinity":14,"s:43:12:43:Infinity":15,"s:44:12:44:Infinity":16,"s:46:12:46:Infinity":17,"s:48:12:48:Infinity":18,"s:52:4:54:Infinity":19,"f:52:14:52:20":2,"s:53:8:53:Infinity":20,"s:56:29:79:Infinity":21,"f:56:29:56:36":3,"s:57:8:57:Infinity":22,"s:58:8:78:Infinity":23,"s:60:28:63:Infinity":24,"b:65:12:70:Infinity:68:19:70:Infinity":0,"s:65:12:70:Infinity":25,"s:66:16:66:Infinity":26,"s:67:16:67:Infinity":27,"s:69:16:69:Infinity":28,"s:71:12:74:Infinity":29,"f:71:25:71:34":4,"s:71:34:74:14":30,"s:75:12:75:Infinity":31,"s:77:12:77:Infinity":32,"s:81:30:83:Infinity":33,"f:81:30:81:31":5,"s:82:8:82:Infinity":34,"s:85:32:98:Infinity":35,"f:85:32:85:44":6,"b:86:8:86:Infinity:undefined:undefined:undefined:undefined":1,"s:86:8:86:Infinity":36,"s:86:31:86:Infinity":37,"s:87:8:97:Infinity":38,"s:88:12:88:Infinity":39,"b:89:12:91:Infinity:undefined:undefined:undefined:undefined":2,"s:89:12:91:Infinity":40,"s:90:16:90:Infinity":41,"s:92:12:92:Infinity":42,"s:94:12:94:Infinity":43,"s:96:12:96:Infinity":44,"s:100:32:105:Infinity":45,"f:100:32:100:39":7,"s:101:8:104:Infinity":46,"s:102:12:102:Infinity":47,"s:103:12:103:Infinity":48,"s:104:24:104:44":49,"s:107:31:116:Infinity":50,"f:107:31:107:32":8,"s:108:8:108:Infinity":51,"s:109:14:109:Infinity":52,"s:110:8:115:Infinity":53,"s:118:26:121:Infinity":54,"f:118:26:118:32":9,"s:119:8:119:Infinity":55,"s:120:8:120:Infinity":56,"s:123:32:132:Infinity":57,"f:123:32:123:39":10,"s:124:8:124:Infinity":58,"s:125:8:131:Infinity":59,"s:126:12:126:Infinity":60,"s:127:12:127:Infinity":61,"s:128:12:128:Infinity":62,"s:130:12:130:Infinity":63,"s:134:25:139:Infinity":64,"f:134:25:134:32":11,"s:135:8:138:Infinity":65,"s:136:12:136:Infinity":66,"s:137:12:137:Infinity":67,"s:138:24:138:44":68,"s:141:26:147:Infinity":69,"f:141:26:141:33":12,"b:142:8:142:Infinity:undefined:undefined:undefined:undefined":3,"s:142:8:142:Infinity":70,"s:142:46:142:Infinity":71,"s:143:8:146:Infinity":72,"s:144:12:144:Infinity":73,"s:145:12:145:Infinity":74,"s:146:24:146:44":75,"b:149:4:149:Infinity:undefined:undefined:undefined:undefined":4,"s:149:4:149:Infinity":76,"s:149:17:149:Infinity":77,"s:151:4:397:Infinity":78,"f:158:33:158:39":13,"s:158:39:158:Infinity":79,"b:159:128:159:167:159:167:159:202":5,"f:164:33:164:39":14,"s:164:39:164:Infinity":80,"b:165:129:165:168:165:168:165:203":6,"b:176:24:236:Infinity:238:24:268:Infinity":7,"b:178:33:178:57:178:57:178:Infinity":8,"f:179:45:179:Infinity":15,"s:180:36:233:Infinity":81,"f:182:61:182:67":16,"s:182:67:182:112":82,"b:182:157:182:176:182:176:182:211":9,"b:186:97:186:119:186:119:186:147":10,"b:189:53:189:77:189:77:189:87":11,"b:192:49:192:69:192:69:192:Infinity:193:52:221:Infinity":12,"f:195:102:195:107":17,"s:195:107:195:120":83,"f:196:103:196:108":18,"s:196:108:196:121":84,"f:201:108:201:113":19,"s:201:113:201:126":85,"f:205:82:205:Infinity":20,"s:206:64:218:Infinity":86,"f:208:77:208:83":21,"s:208:83:208:Infinity":87,"b:213:91:213:127:213:127:213:Infinity":13,"b:215:73:215:93:215:93:215:Infinity":14,"b:217:90:217:110:217:110:217:138":15,"f:226:61:226:67":22,"s:226:67:226:95":88,"f:229:61:229:67":23,"s:229:67:229:97":89,"b:240:33:240:58:240:58:240:Infinity":16,"f:241:46:241:Infinity":24,"s:242:36:265:Infinity":90,"b:244:87:244:112:244:112:244:122":17,"b:250:45:250:Infinity:251:48:254:Infinity":18,"b:258:126:258:160:258:160:258:187":19,"b:259:68:259:79:259:79:259:Infinity":20,"f:261:61:261:67":25,"s:261:67:261:94":91,"b:277:35:277:Infinity:278:34:278:Infinity":21,"b:277:53:277:69:277:69:277:Infinity":22,"b:280:25:280:Infinity:281:28:283:Infinity":23,"b:288:24:320:Infinity:322:24:366:Infinity":24,"f:292:70:292:75":26,"s:292:75:292:130":92,"f:297:74:297:79":27,"s:297:79:297:Infinity":93,"f:299:50:299:55":28,"s:299:55:299:104":94,"f:305:76:305:81":29,"s:305:81:305:142":95,"b:307:29:307:Infinity:308:32:315:Infinity":25,"f:311:79:311:84":30,"s:311:84:311:Infinity":96,"f:313:55:313:60":31,"s:313:60:313:109":97,"b:318:80:318:98:318:98:318:Infinity":26,"f:326:75:326:80":32,"s:326:80:326:Infinity":98,"f:328:50:328:55":33,"s:328:55:328:104":99,"b:334:43:334:70:334:70:334:74":27,"f:334:84:334:89":34,"s:334:89:334:Infinity":100,"b:334:151:334:176:334:176:334:186":28,"f:337:48:337:53":35,"s:337:53:337:105":101,"f:338:45:338:50":36,"s:338:50:338:100":102,"f:344:71:344:76":37,"s:344:76:344:133":103,"f:350:79:350:84":38,"s:350:84:350:145":104,"f:355:77:355:82":39,"s:355:82:355:141":105,"f:360:76:360:81":40,"s:360:81:360:143":106,"b:374:16:374:Infinity:375:20:394:Infinity":29,"f:381:45:381:51":41,"s:381:51:381:Infinity":107}}},"/Users/leonardo.piedade/Personal/Github/study-tracker/client/src/types.ts":{"path":"/Users/leonardo.piedade/Personal/Github/study-tracker/client/src/types.ts","statementMap":{},"fnMap":{},"branchMap":{},"s":{},"f":{},"b":{},"meta":{"lastBranch":0,"lastFunction":0,"lastStatement":0,"seen":{}}}}}